2024-11-15 09:29:06 [background-preinit] INFO  o.h.validator.internal.util.Version - HV000001: Hibernate Validator 6.2.5.Final
2024-11-15 09:29:06 [restartedMain] INFO  com.fast_in.FastInApplication - Starting FastInApplication using Java 1.8.0_422 on DESKTOP-0G1GGOD with PID 10400 (C:\Users\rayane\IdeaProjects\fast_in\target\classes started by rayane in C:\Users\rayane\IdeaProjects\fast_in)
2024-11-15 09:29:06 [restartedMain] DEBUG com.fast_in.FastInApplication - Running with Spring Boot v2.7.18, Spring v5.3.31
2024-11-15 09:29:06 [restartedMain] INFO  com.fast_in.FastInApplication - The following 1 profile is active: "dev"
2024-11-15 09:29:06 [restartedMain] INFO  o.s.b.d.e.DevToolsPropertyDefaultsPostProcessor - Devtools property defaults active! Set 'spring.devtools.add-properties' to 'false' to disable
2024-11-15 09:29:06 [restartedMain] INFO  o.s.b.d.e.DevToolsPropertyDefaultsPostProcessor - For additional web related logging consider setting the 'logging.level.web' property to 'DEBUG'
2024-11-15 09:29:07 [restartedMain] INFO  o.s.d.r.c.RepositoryConfigurationDelegate - Bootstrapping Spring Data JPA repositories in DEFAULT mode.
2024-11-15 09:29:07 [restartedMain] INFO  o.s.d.r.c.RepositoryConfigurationDelegate - Finished Spring Data repository scanning in 60 ms. Found 4 JPA repository interfaces.
2024-11-15 09:29:07 [restartedMain] WARN  o.s.b.w.s.c.AnnotationConfigServletWebServerApplicationContext - Exception encountered during context initialization - cancelling refresh attempt: org.springframework.beans.factory.CannotLoadBeanClassException: Error loading class [com.fast_in.mapper.ReservationMapperImpl] for bean with name 'reservationMapperImpl' defined in file [C:\Users\rayane\IdeaProjects\fast_in\target\classes\com\fast_in\mapper\ReservationMapperImpl.class]: problem with class file or dependent class; nested exception is java.lang.IncompatibleClassChangeError: Implementing class
2024-11-15 09:29:07 [restartedMain] INFO  o.s.b.a.l.ConditionEvaluationReportLoggingListener - 

Error starting ApplicationContext. To display the conditions report re-run your application with 'debug' enabled.
2024-11-15 09:29:07 [restartedMain] ERROR o.s.boot.SpringApplication - Application run failed
org.springframework.beans.factory.CannotLoadBeanClassException: Error loading class [com.fast_in.mapper.ReservationMapperImpl] for bean with name 'reservationMapperImpl' defined in file [C:\Users\rayane\IdeaProjects\fast_in\target\classes\com\fast_in\mapper\ReservationMapperImpl.class]: problem with class file or dependent class; nested exception is java.lang.IncompatibleClassChangeError: Implementing class
	at org.springframework.beans.factory.support.AbstractBeanFactory.resolveBeanClass(AbstractBeanFactory.java:1559)
	at org.springframework.beans.factory.support.AbstractAutowireCapableBeanFactory.determineTargetType(AbstractAutowireCapableBeanFactory.java:704)
	at org.springframework.beans.factory.support.AbstractAutowireCapableBeanFactory.predictBeanType(AbstractAutowireCapableBeanFactory.java:674)
	at org.springframework.beans.factory.support.AbstractBeanFactory.getType(AbstractBeanFactory.java:722)
	at org.springframework.beans.factory.support.DefaultListableBeanFactory.findMergedAnnotationOnBean(DefaultListableBeanFactory.java:751)
	at org.springframework.beans.factory.support.DefaultListableBeanFactory.findAnnotationOnBean(DefaultListableBeanFactory.java:744)
	at org.springframework.boot.sql.init.dependency.AnnotationDependsOnDatabaseInitializationDetector.detect(AnnotationDependsOnDatabaseInitializationDetector.java:36)
	at org.springframework.boot.sql.init.dependency.DatabaseInitializationDependencyConfigurer$DependsOnDatabaseInitializationPostProcessor.detectDependsOnInitializationBeanNames(DatabaseInitializationDependencyConfigurer.java:148)
	at org.springframework.boot.sql.init.dependency.DatabaseInitializationDependencyConfigurer$DependsOnDatabaseInitializationPostProcessor.postProcessBeanFactory(DatabaseInitializationDependencyConfigurer.java:111)
	at org.springframework.context.support.PostProcessorRegistrationDelegate.invokeBeanFactoryPostProcessors(PostProcessorRegistrationDelegate.java:325)
	at org.springframework.context.support.PostProcessorRegistrationDelegate.invokeBeanFactoryPostProcessors(PostProcessorRegistrationDelegate.java:191)
	at org.springframework.context.support.AbstractApplicationContext.invokeBeanFactoryPostProcessors(AbstractApplicationContext.java:756)
	at org.springframework.context.support.AbstractApplicationContext.refresh(AbstractApplicationContext.java:572)
	at org.springframework.boot.web.servlet.context.ServletWebServerApplicationContext.refresh(ServletWebServerApplicationContext.java:147)
	at org.springframework.boot.SpringApplication.refresh(SpringApplication.java:732)
	at org.springframework.boot.SpringApplication.refreshContext(SpringApplication.java:409)
	at org.springframework.boot.SpringApplication.run(SpringApplication.java:308)
	at org.springframework.boot.SpringApplication.run(SpringApplication.java:1300)
	at org.springframework.boot.SpringApplication.run(SpringApplication.java:1289)
	at com.fast_in.FastInApplication.main(FastInApplication.java:10)
	at sun.reflect.NativeMethodAccessorImpl.invoke0(Native Method)
	at sun.reflect.NativeMethodAccessorImpl.invoke(NativeMethodAccessorImpl.java:62)
	at sun.reflect.DelegatingMethodAccessorImpl.invoke(DelegatingMethodAccessorImpl.java:43)
	at java.lang.reflect.Method.invoke(Method.java:498)
	at org.springframework.boot.devtools.restart.RestartLauncher.run(RestartLauncher.java:50)
Caused by: java.lang.IncompatibleClassChangeError: Implementing class
	at java.lang.ClassLoader.defineClass1(Native Method)
	at java.lang.ClassLoader.defineClass(ClassLoader.java:756)
	at java.security.SecureClassLoader.defineClass(SecureClassLoader.java:142)
	at java.net.URLClassLoader.defineClass(URLClassLoader.java:473)
	at java.net.URLClassLoader.access$100(URLClassLoader.java:74)
	at java.net.URLClassLoader$1.run(URLClassLoader.java:369)
	at java.net.URLClassLoader$1.run(URLClassLoader.java:363)
	at java.security.AccessController.doPrivileged(Native Method)
	at java.net.URLClassLoader.findClass(URLClassLoader.java:362)
	at org.springframework.boot.devtools.restart.classloader.RestartClassLoader.findClass(RestartClassLoader.java:160)
	at org.springframework.boot.devtools.restart.classloader.RestartClassLoader.loadClass(RestartClassLoader.java:142)
	at java.lang.ClassLoader.loadClass(ClassLoader.java:351)
	at java.lang.Class.forName0(Native Method)
	at java.lang.Class.forName(Class.java:348)
	at org.springframework.util.ClassUtils.forName(ClassUtils.java:291)
	at org.springframework.beans.factory.support.AbstractBeanDefinition.resolveBeanClass(AbstractBeanDefinition.java:469)
	at org.springframework.beans.factory.support.AbstractBeanFactory.doResolveBeanClass(AbstractBeanFactory.java:1621)
	at org.springframework.beans.factory.support.AbstractBeanFactory.resolveBeanClass(AbstractBeanFactory.java:1548)
	... 24 common frames omitted
2024-11-15 09:30:28 [background-preinit] INFO  o.h.validator.internal.util.Version - HV000001: Hibernate Validator 6.2.5.Final
2024-11-15 09:30:28 [restartedMain] INFO  com.fast_in.FastInApplication - Starting FastInApplication using Java 1.8.0_422 on DESKTOP-0G1GGOD with PID 30784 (C:\Users\rayane\IdeaProjects\fast_in\target\classes started by rayane in C:\Users\rayane\IdeaProjects\fast_in)
2024-11-15 09:30:28 [restartedMain] DEBUG com.fast_in.FastInApplication - Running with Spring Boot v2.7.18, Spring v5.3.31
2024-11-15 09:30:28 [restartedMain] INFO  com.fast_in.FastInApplication - The following 1 profile is active: "dev"
2024-11-15 09:30:28 [restartedMain] INFO  o.s.b.d.e.DevToolsPropertyDefaultsPostProcessor - Devtools property defaults active! Set 'spring.devtools.add-properties' to 'false' to disable
2024-11-15 09:30:28 [restartedMain] INFO  o.s.b.d.e.DevToolsPropertyDefaultsPostProcessor - For additional web related logging consider setting the 'logging.level.web' property to 'DEBUG'
2024-11-15 09:30:29 [restartedMain] INFO  o.s.d.r.c.RepositoryConfigurationDelegate - Bootstrapping Spring Data JPA repositories in DEFAULT mode.
2024-11-15 09:30:29 [restartedMain] INFO  o.s.d.r.c.RepositoryConfigurationDelegate - Finished Spring Data repository scanning in 46 ms. Found 4 JPA repository interfaces.
2024-11-15 09:30:29 [restartedMain] WARN  o.s.b.w.s.c.AnnotationConfigServletWebServerApplicationContext - Exception encountered during context initialization - cancelling refresh attempt: org.springframework.beans.factory.CannotLoadBeanClassException: Error loading class [com.fast_in.mapper.ReservationMapperImpl] for bean with name 'reservationMapperImpl' defined in file [C:\Users\rayane\IdeaProjects\fast_in\target\classes\com\fast_in\mapper\ReservationMapperImpl.class]: problem with class file or dependent class; nested exception is java.lang.IncompatibleClassChangeError: Implementing class
2024-11-15 09:30:29 [restartedMain] INFO  o.s.b.a.l.ConditionEvaluationReportLoggingListener - 

Error starting ApplicationContext. To display the conditions report re-run your application with 'debug' enabled.
2024-11-15 09:30:29 [restartedMain] ERROR o.s.boot.SpringApplication - Application run failed
org.springframework.beans.factory.CannotLoadBeanClassException: Error loading class [com.fast_in.mapper.ReservationMapperImpl] for bean with name 'reservationMapperImpl' defined in file [C:\Users\rayane\IdeaProjects\fast_in\target\classes\com\fast_in\mapper\ReservationMapperImpl.class]: problem with class file or dependent class; nested exception is java.lang.IncompatibleClassChangeError: Implementing class
	at org.springframework.beans.factory.support.AbstractBeanFactory.resolveBeanClass(AbstractBeanFactory.java:1559)
	at org.springframework.beans.factory.support.AbstractAutowireCapableBeanFactory.determineTargetType(AbstractAutowireCapableBeanFactory.java:704)
	at org.springframework.beans.factory.support.AbstractAutowireCapableBeanFactory.predictBeanType(AbstractAutowireCapableBeanFactory.java:674)
	at org.springframework.beans.factory.support.AbstractBeanFactory.getType(AbstractBeanFactory.java:722)
	at org.springframework.beans.factory.support.DefaultListableBeanFactory.findMergedAnnotationOnBean(DefaultListableBeanFactory.java:751)
	at org.springframework.beans.factory.support.DefaultListableBeanFactory.findAnnotationOnBean(DefaultListableBeanFactory.java:744)
	at org.springframework.boot.sql.init.dependency.AnnotationDependsOnDatabaseInitializationDetector.detect(AnnotationDependsOnDatabaseInitializationDetector.java:36)
	at org.springframework.boot.sql.init.dependency.DatabaseInitializationDependencyConfigurer$DependsOnDatabaseInitializationPostProcessor.detectDependsOnInitializationBeanNames(DatabaseInitializationDependencyConfigurer.java:148)
	at org.springframework.boot.sql.init.dependency.DatabaseInitializationDependencyConfigurer$DependsOnDatabaseInitializationPostProcessor.postProcessBeanFactory(DatabaseInitializationDependencyConfigurer.java:111)
	at org.springframework.context.support.PostProcessorRegistrationDelegate.invokeBeanFactoryPostProcessors(PostProcessorRegistrationDelegate.java:325)
	at org.springframework.context.support.PostProcessorRegistrationDelegate.invokeBeanFactoryPostProcessors(PostProcessorRegistrationDelegate.java:191)
	at org.springframework.context.support.AbstractApplicationContext.invokeBeanFactoryPostProcessors(AbstractApplicationContext.java:756)
	at org.springframework.context.support.AbstractApplicationContext.refresh(AbstractApplicationContext.java:572)
	at org.springframework.boot.web.servlet.context.ServletWebServerApplicationContext.refresh(ServletWebServerApplicationContext.java:147)
	at org.springframework.boot.SpringApplication.refresh(SpringApplication.java:732)
	at org.springframework.boot.SpringApplication.refreshContext(SpringApplication.java:409)
	at org.springframework.boot.SpringApplication.run(SpringApplication.java:308)
	at org.springframework.boot.SpringApplication.run(SpringApplication.java:1300)
	at org.springframework.boot.SpringApplication.run(SpringApplication.java:1289)
	at com.fast_in.FastInApplication.main(FastInApplication.java:10)
	at sun.reflect.NativeMethodAccessorImpl.invoke0(Native Method)
	at sun.reflect.NativeMethodAccessorImpl.invoke(NativeMethodAccessorImpl.java:62)
	at sun.reflect.DelegatingMethodAccessorImpl.invoke(DelegatingMethodAccessorImpl.java:43)
	at java.lang.reflect.Method.invoke(Method.java:498)
	at org.springframework.boot.devtools.restart.RestartLauncher.run(RestartLauncher.java:50)
Caused by: java.lang.IncompatibleClassChangeError: Implementing class
	at java.lang.ClassLoader.defineClass1(Native Method)
	at java.lang.ClassLoader.defineClass(ClassLoader.java:756)
	at java.security.SecureClassLoader.defineClass(SecureClassLoader.java:142)
	at java.net.URLClassLoader.defineClass(URLClassLoader.java:473)
	at java.net.URLClassLoader.access$100(URLClassLoader.java:74)
	at java.net.URLClassLoader$1.run(URLClassLoader.java:369)
	at java.net.URLClassLoader$1.run(URLClassLoader.java:363)
	at java.security.AccessController.doPrivileged(Native Method)
	at java.net.URLClassLoader.findClass(URLClassLoader.java:362)
	at org.springframework.boot.devtools.restart.classloader.RestartClassLoader.findClass(RestartClassLoader.java:160)
	at org.springframework.boot.devtools.restart.classloader.RestartClassLoader.loadClass(RestartClassLoader.java:142)
	at java.lang.ClassLoader.loadClass(ClassLoader.java:351)
	at java.lang.Class.forName0(Native Method)
	at java.lang.Class.forName(Class.java:348)
	at org.springframework.util.ClassUtils.forName(ClassUtils.java:291)
	at org.springframework.beans.factory.support.AbstractBeanDefinition.resolveBeanClass(AbstractBeanDefinition.java:469)
	at org.springframework.beans.factory.support.AbstractBeanFactory.doResolveBeanClass(AbstractBeanFactory.java:1621)
	at org.springframework.beans.factory.support.AbstractBeanFactory.resolveBeanClass(AbstractBeanFactory.java:1548)
	... 24 common frames omitted
2024-11-15 09:30:33 [background-preinit] INFO  o.h.validator.internal.util.Version - HV000001: Hibernate Validator 6.2.5.Final
2024-11-15 09:30:33 [restartedMain] INFO  com.fast_in.FastInApplication - Starting FastInApplication using Java 1.8.0_422 on DESKTOP-0G1GGOD with PID 27668 (C:\Users\rayane\IdeaProjects\fast_in\target\classes started by rayane in C:\Users\rayane\IdeaProjects\fast_in)
2024-11-15 09:30:33 [restartedMain] DEBUG com.fast_in.FastInApplication - Running with Spring Boot v2.7.18, Spring v5.3.31
2024-11-15 09:30:33 [restartedMain] INFO  com.fast_in.FastInApplication - The following 1 profile is active: "dev"
2024-11-15 09:30:33 [restartedMain] INFO  o.s.b.d.e.DevToolsPropertyDefaultsPostProcessor - Devtools property defaults active! Set 'spring.devtools.add-properties' to 'false' to disable
2024-11-15 09:30:33 [restartedMain] INFO  o.s.b.d.e.DevToolsPropertyDefaultsPostProcessor - For additional web related logging consider setting the 'logging.level.web' property to 'DEBUG'
2024-11-15 09:30:34 [restartedMain] INFO  o.s.d.r.c.RepositoryConfigurationDelegate - Bootstrapping Spring Data JPA repositories in DEFAULT mode.
2024-11-15 09:30:34 [restartedMain] INFO  o.s.d.r.c.RepositoryConfigurationDelegate - Finished Spring Data repository scanning in 53 ms. Found 4 JPA repository interfaces.
2024-11-15 09:30:35 [restartedMain] WARN  o.s.b.w.s.c.AnnotationConfigServletWebServerApplicationContext - Exception encountered during context initialization - cancelling refresh attempt: org.springframework.beans.factory.CannotLoadBeanClassException: Error loading class [com.fast_in.mapper.ReservationMapperImpl] for bean with name 'reservationMapperImpl' defined in file [C:\Users\rayane\IdeaProjects\fast_in\target\classes\com\fast_in\mapper\ReservationMapperImpl.class]: problem with class file or dependent class; nested exception is java.lang.IncompatibleClassChangeError: Implementing class
2024-11-15 09:30:35 [restartedMain] INFO  o.s.b.a.l.ConditionEvaluationReportLoggingListener - 

Error starting ApplicationContext. To display the conditions report re-run your application with 'debug' enabled.
2024-11-15 09:30:35 [restartedMain] ERROR o.s.boot.SpringApplication - Application run failed
org.springframework.beans.factory.CannotLoadBeanClassException: Error loading class [com.fast_in.mapper.ReservationMapperImpl] for bean with name 'reservationMapperImpl' defined in file [C:\Users\rayane\IdeaProjects\fast_in\target\classes\com\fast_in\mapper\ReservationMapperImpl.class]: problem with class file or dependent class; nested exception is java.lang.IncompatibleClassChangeError: Implementing class
	at org.springframework.beans.factory.support.AbstractBeanFactory.resolveBeanClass(AbstractBeanFactory.java:1559)
	at org.springframework.beans.factory.support.AbstractAutowireCapableBeanFactory.determineTargetType(AbstractAutowireCapableBeanFactory.java:704)
	at org.springframework.beans.factory.support.AbstractAutowireCapableBeanFactory.predictBeanType(AbstractAutowireCapableBeanFactory.java:674)
	at org.springframework.beans.factory.support.AbstractBeanFactory.getType(AbstractBeanFactory.java:722)
	at org.springframework.beans.factory.support.DefaultListableBeanFactory.findMergedAnnotationOnBean(DefaultListableBeanFactory.java:751)
	at org.springframework.beans.factory.support.DefaultListableBeanFactory.findAnnotationOnBean(DefaultListableBeanFactory.java:744)
	at org.springframework.boot.sql.init.dependency.AnnotationDependsOnDatabaseInitializationDetector.detect(AnnotationDependsOnDatabaseInitializationDetector.java:36)
	at org.springframework.boot.sql.init.dependency.DatabaseInitializationDependencyConfigurer$DependsOnDatabaseInitializationPostProcessor.detectDependsOnInitializationBeanNames(DatabaseInitializationDependencyConfigurer.java:148)
	at org.springframework.boot.sql.init.dependency.DatabaseInitializationDependencyConfigurer$DependsOnDatabaseInitializationPostProcessor.postProcessBeanFactory(DatabaseInitializationDependencyConfigurer.java:111)
	at org.springframework.context.support.PostProcessorRegistrationDelegate.invokeBeanFactoryPostProcessors(PostProcessorRegistrationDelegate.java:325)
	at org.springframework.context.support.PostProcessorRegistrationDelegate.invokeBeanFactoryPostProcessors(PostProcessorRegistrationDelegate.java:191)
	at org.springframework.context.support.AbstractApplicationContext.invokeBeanFactoryPostProcessors(AbstractApplicationContext.java:756)
	at org.springframework.context.support.AbstractApplicationContext.refresh(AbstractApplicationContext.java:572)
	at org.springframework.boot.web.servlet.context.ServletWebServerApplicationContext.refresh(ServletWebServerApplicationContext.java:147)
	at org.springframework.boot.SpringApplication.refresh(SpringApplication.java:732)
	at org.springframework.boot.SpringApplication.refreshContext(SpringApplication.java:409)
	at org.springframework.boot.SpringApplication.run(SpringApplication.java:308)
	at org.springframework.boot.SpringApplication.run(SpringApplication.java:1300)
	at org.springframework.boot.SpringApplication.run(SpringApplication.java:1289)
	at com.fast_in.FastInApplication.main(FastInApplication.java:10)
	at sun.reflect.NativeMethodAccessorImpl.invoke0(Native Method)
	at sun.reflect.NativeMethodAccessorImpl.invoke(NativeMethodAccessorImpl.java:62)
	at sun.reflect.DelegatingMethodAccessorImpl.invoke(DelegatingMethodAccessorImpl.java:43)
	at java.lang.reflect.Method.invoke(Method.java:498)
	at org.springframework.boot.devtools.restart.RestartLauncher.run(RestartLauncher.java:50)
Caused by: java.lang.IncompatibleClassChangeError: Implementing class
	at java.lang.ClassLoader.defineClass1(Native Method)
	at java.lang.ClassLoader.defineClass(ClassLoader.java:756)
	at java.security.SecureClassLoader.defineClass(SecureClassLoader.java:142)
	at java.net.URLClassLoader.defineClass(URLClassLoader.java:473)
	at java.net.URLClassLoader.access$100(URLClassLoader.java:74)
	at java.net.URLClassLoader$1.run(URLClassLoader.java:369)
	at java.net.URLClassLoader$1.run(URLClassLoader.java:363)
	at java.security.AccessController.doPrivileged(Native Method)
	at java.net.URLClassLoader.findClass(URLClassLoader.java:362)
	at org.springframework.boot.devtools.restart.classloader.RestartClassLoader.findClass(RestartClassLoader.java:160)
	at org.springframework.boot.devtools.restart.classloader.RestartClassLoader.loadClass(RestartClassLoader.java:142)
	at java.lang.ClassLoader.loadClass(ClassLoader.java:351)
	at java.lang.Class.forName0(Native Method)
	at java.lang.Class.forName(Class.java:348)
	at org.springframework.util.ClassUtils.forName(ClassUtils.java:291)
	at org.springframework.beans.factory.support.AbstractBeanDefinition.resolveBeanClass(AbstractBeanDefinition.java:469)
	at org.springframework.beans.factory.support.AbstractBeanFactory.doResolveBeanClass(AbstractBeanFactory.java:1621)
	at org.springframework.beans.factory.support.AbstractBeanFactory.resolveBeanClass(AbstractBeanFactory.java:1548)
	... 24 common frames omitted
2024-11-15 09:31:48 [restartedMain] INFO  com.fast_in.FastInApplication - Starting FastInApplication using Java 1.8.0_422 on DESKTOP-0G1GGOD with PID 32000 (C:\Users\rayane\IdeaProjects\fast_in\target\classes started by rayane in C:\Users\rayane\IdeaProjects\fast_in)
2024-11-15 09:31:48 [restartedMain] DEBUG com.fast_in.FastInApplication - Running with Spring Boot v2.7.18, Spring v5.3.31
2024-11-15 09:31:48 [restartedMain] INFO  com.fast_in.FastInApplication - The following 1 profile is active: "dev"
2024-11-15 09:31:48 [background-preinit] INFO  o.h.validator.internal.util.Version - HV000001: Hibernate Validator 6.2.5.Final
2024-11-15 09:31:48 [restartedMain] INFO  o.s.b.d.e.DevToolsPropertyDefaultsPostProcessor - Devtools property defaults active! Set 'spring.devtools.add-properties' to 'false' to disable
2024-11-15 09:31:48 [restartedMain] INFO  o.s.b.d.e.DevToolsPropertyDefaultsPostProcessor - For additional web related logging consider setting the 'logging.level.web' property to 'DEBUG'
2024-11-15 09:31:49 [restartedMain] INFO  o.s.d.r.c.RepositoryConfigurationDelegate - Bootstrapping Spring Data JPA repositories in DEFAULT mode.
2024-11-15 09:31:49 [restartedMain] INFO  o.s.d.r.c.RepositoryConfigurationDelegate - Finished Spring Data repository scanning in 51 ms. Found 4 JPA repository interfaces.
2024-11-15 09:31:49 [restartedMain] WARN  o.s.b.w.s.c.AnnotationConfigServletWebServerApplicationContext - Exception encountered during context initialization - cancelling refresh attempt: org.springframework.beans.factory.CannotLoadBeanClassException: Error loading class [com.fast_in.mapper.ReservationMapperImpl] for bean with name 'reservationMapperImpl' defined in file [C:\Users\rayane\IdeaProjects\fast_in\target\classes\com\fast_in\mapper\ReservationMapperImpl.class]: problem with class file or dependent class; nested exception is java.lang.IncompatibleClassChangeError: Implementing class
2024-11-15 09:31:49 [restartedMain] INFO  o.s.b.a.l.ConditionEvaluationReportLoggingListener - 

Error starting ApplicationContext. To display the conditions report re-run your application with 'debug' enabled.
2024-11-15 09:31:49 [restartedMain] ERROR o.s.boot.SpringApplication - Application run failed
org.springframework.beans.factory.CannotLoadBeanClassException: Error loading class [com.fast_in.mapper.ReservationMapperImpl] for bean with name 'reservationMapperImpl' defined in file [C:\Users\rayane\IdeaProjects\fast_in\target\classes\com\fast_in\mapper\ReservationMapperImpl.class]: problem with class file or dependent class; nested exception is java.lang.IncompatibleClassChangeError: Implementing class
	at org.springframework.beans.factory.support.AbstractBeanFactory.resolveBeanClass(AbstractBeanFactory.java:1559)
	at org.springframework.beans.factory.support.AbstractAutowireCapableBeanFactory.determineTargetType(AbstractAutowireCapableBeanFactory.java:704)
	at org.springframework.beans.factory.support.AbstractAutowireCapableBeanFactory.predictBeanType(AbstractAutowireCapableBeanFactory.java:674)
	at org.springframework.beans.factory.support.AbstractBeanFactory.getType(AbstractBeanFactory.java:722)
	at org.springframework.beans.factory.support.DefaultListableBeanFactory.findMergedAnnotationOnBean(DefaultListableBeanFactory.java:751)
	at org.springframework.beans.factory.support.DefaultListableBeanFactory.findAnnotationOnBean(DefaultListableBeanFactory.java:744)
	at org.springframework.boot.sql.init.dependency.AnnotationDependsOnDatabaseInitializationDetector.detect(AnnotationDependsOnDatabaseInitializationDetector.java:36)
	at org.springframework.boot.sql.init.dependency.DatabaseInitializationDependencyConfigurer$DependsOnDatabaseInitializationPostProcessor.detectDependsOnInitializationBeanNames(DatabaseInitializationDependencyConfigurer.java:148)
	at org.springframework.boot.sql.init.dependency.DatabaseInitializationDependencyConfigurer$DependsOnDatabaseInitializationPostProcessor.postProcessBeanFactory(DatabaseInitializationDependencyConfigurer.java:111)
	at org.springframework.context.support.PostProcessorRegistrationDelegate.invokeBeanFactoryPostProcessors(PostProcessorRegistrationDelegate.java:325)
	at org.springframework.context.support.PostProcessorRegistrationDelegate.invokeBeanFactoryPostProcessors(PostProcessorRegistrationDelegate.java:191)
	at org.springframework.context.support.AbstractApplicationContext.invokeBeanFactoryPostProcessors(AbstractApplicationContext.java:756)
	at org.springframework.context.support.AbstractApplicationContext.refresh(AbstractApplicationContext.java:572)
	at org.springframework.boot.web.servlet.context.ServletWebServerApplicationContext.refresh(ServletWebServerApplicationContext.java:147)
	at org.springframework.boot.SpringApplication.refresh(SpringApplication.java:732)
	at org.springframework.boot.SpringApplication.refreshContext(SpringApplication.java:409)
	at org.springframework.boot.SpringApplication.run(SpringApplication.java:308)
	at org.springframework.boot.SpringApplication.run(SpringApplication.java:1300)
	at org.springframework.boot.SpringApplication.run(SpringApplication.java:1289)
	at com.fast_in.FastInApplication.main(FastInApplication.java:10)
	at sun.reflect.NativeMethodAccessorImpl.invoke0(Native Method)
	at sun.reflect.NativeMethodAccessorImpl.invoke(NativeMethodAccessorImpl.java:62)
	at sun.reflect.DelegatingMethodAccessorImpl.invoke(DelegatingMethodAccessorImpl.java:43)
	at java.lang.reflect.Method.invoke(Method.java:498)
	at org.springframework.boot.devtools.restart.RestartLauncher.run(RestartLauncher.java:50)
Caused by: java.lang.IncompatibleClassChangeError: Implementing class
	at java.lang.ClassLoader.defineClass1(Native Method)
	at java.lang.ClassLoader.defineClass(ClassLoader.java:756)
	at java.security.SecureClassLoader.defineClass(SecureClassLoader.java:142)
	at java.net.URLClassLoader.defineClass(URLClassLoader.java:473)
	at java.net.URLClassLoader.access$100(URLClassLoader.java:74)
	at java.net.URLClassLoader$1.run(URLClassLoader.java:369)
	at java.net.URLClassLoader$1.run(URLClassLoader.java:363)
	at java.security.AccessController.doPrivileged(Native Method)
	at java.net.URLClassLoader.findClass(URLClassLoader.java:362)
	at org.springframework.boot.devtools.restart.classloader.RestartClassLoader.findClass(RestartClassLoader.java:160)
	at org.springframework.boot.devtools.restart.classloader.RestartClassLoader.loadClass(RestartClassLoader.java:142)
	at java.lang.ClassLoader.loadClass(ClassLoader.java:351)
	at java.lang.Class.forName0(Native Method)
	at java.lang.Class.forName(Class.java:348)
	at org.springframework.util.ClassUtils.forName(ClassUtils.java:291)
	at org.springframework.beans.factory.support.AbstractBeanDefinition.resolveBeanClass(AbstractBeanDefinition.java:469)
	at org.springframework.beans.factory.support.AbstractBeanFactory.doResolveBeanClass(AbstractBeanFactory.java:1621)
	at org.springframework.beans.factory.support.AbstractBeanFactory.resolveBeanClass(AbstractBeanFactory.java:1548)
	... 24 common frames omitted
2024-11-15 09:34:51 [main] INFO  com.fast_in.FastInApplicationTests - Starting FastInApplicationTests using Java 1.8.0_422 on DESKTOP-0G1GGOD with PID 16308 (started by rayane in C:\Users\rayane\IdeaProjects\fast_in)
2024-11-15 09:34:51 [main] DEBUG com.fast_in.FastInApplicationTests - Running with Spring Boot v2.7.18, Spring v5.3.31
2024-11-15 09:34:51 [main] INFO  com.fast_in.FastInApplicationTests - The following 1 profile is active: "dev"
2024-11-15 09:34:51 [background-preinit] INFO  o.h.validator.internal.util.Version - HV000001: Hibernate Validator 6.2.5.Final
2024-11-15 09:34:53 [main] INFO  o.s.d.r.c.RepositoryConfigurationDelegate - Bootstrapping Spring Data JPA repositories in DEFAULT mode.
2024-11-15 09:34:53 [main] INFO  o.s.d.r.c.RepositoryConfigurationDelegate - Finished Spring Data repository scanning in 99 ms. Found 4 JPA repository interfaces.
2024-11-15 09:34:54 [main] INFO  o.h.jpa.internal.util.LogHelper - HHH000204: Processing PersistenceUnitInfo [name: default]
2024-11-15 09:34:55 [main] INFO  org.hibernate.Version - HHH000412: Hibernate ORM core version 5.6.15.Final
2024-11-15 09:34:55 [main] INFO  o.h.annotations.common.Version - HCANN000001: Hibernate Commons Annotations {5.1.2.Final}
2024-11-15 09:34:55 [main] INFO  com.zaxxer.hikari.HikariDataSource - HikariPool-1 - Starting...
2024-11-15 09:34:56 [main] INFO  com.zaxxer.hikari.HikariDataSource - HikariPool-1 - Start completed.
2024-11-15 09:34:56 [main] INFO  org.hibernate.dialect.Dialect - HHH000400: Using dialect: org.hibernate.dialect.PostgreSQLDialect
2024-11-15 09:34:56 [main] DEBUG org.hibernate.SQL - create table driver (id  bigserial not null, availability_end date not null, availability_start date not null, first_name varchar(255), last_name varchar(255), status varchar(255) not null, primary key (id))
2024-11-15 09:34:56 [main] DEBUG org.hibernate.SQL - create table reservation (id  bigserial not null, quartier_arrivee varchar(255) not null, ville_arrivee varchar(255) not null, cancelled_at timestamp, completed_at timestamp, confirmed_at timestamp, course_end_time timestamp, course_start_time timestamp, created_at timestamp not null, date_heure timestamp not null, quartier_depart varchar(255) not null, ville_depart varchar(255) not null, distance_km float8 not null, price float8 not null, status varchar(255) not null, updated_at timestamp, driver_id int8 not null, vehicle_id uuid not null, primary key (id))
2024-11-15 09:34:56 [main] DEBUG org.hibernate.SQL - create table vehicle (id uuid not null, mileage float8 not null, model varchar(255) not null, registration_number varchar(255) not null, status varchar(255), type varchar(255), primary key (id))
2024-11-15 09:34:56 [main] DEBUG org.hibernate.SQL - alter table reservation add constraint FKiabmugn54sqbxjcpujig6tawg foreign key (driver_id) references driver
2024-11-15 09:34:56 [main] DEBUG org.hibernate.SQL - alter table reservation add constraint FKrm327sr0rb11mme0kbsm37od5 foreign key (vehicle_id) references vehicle
2024-11-15 09:34:56 [main] INFO  o.h.e.t.j.p.i.JtaPlatformInitiator - HHH000490: Using JtaPlatform implementation: [org.hibernate.engine.transaction.jta.platform.internal.NoJtaPlatform]
2024-11-15 09:34:56 [main] INFO  o.s.o.j.LocalContainerEntityManagerFactoryBean - Initialized JPA EntityManagerFactory for persistence unit 'default'
2024-11-15 09:35:00 [main] INFO  o.s.b.a.h.H2ConsoleAutoConfiguration - H2 console available at '/h2-console'. Database available at 'jdbc:h2:mem:fast_in_db'
2024-11-15 09:35:02 [main] INFO  com.fast_in.FastInApplicationTests - Started FastInApplicationTests in 11.441 seconds (JVM running for 12.59)
2024-11-15 09:35:02 [SpringApplicationShutdownHook] INFO  o.s.o.j.LocalContainerEntityManagerFactoryBean - Closing JPA EntityManagerFactory for persistence unit 'default'
2024-11-15 09:35:02 [SpringApplicationShutdownHook] INFO  com.zaxxer.hikari.HikariDataSource - HikariPool-1 - Shutdown initiated...
2024-11-15 09:35:02 [SpringApplicationShutdownHook] INFO  com.zaxxer.hikari.HikariDataSource - HikariPool-1 - Shutdown completed.
2024-11-15 09:35:40 [restartedMain] INFO  com.fast_in.FastInApplication - Starting FastInApplication using Java 1.8.0_422 on DESKTOP-0G1GGOD with PID 28784 (C:\Users\rayane\IdeaProjects\fast_in\target\classes started by rayane in C:\Users\rayane\IdeaProjects\fast_in)
2024-11-15 09:35:40 [background-preinit] INFO  o.h.validator.internal.util.Version - HV000001: Hibernate Validator 6.2.5.Final
2024-11-15 09:35:40 [restartedMain] DEBUG com.fast_in.FastInApplication - Running with Spring Boot v2.7.18, Spring v5.3.31
2024-11-15 09:35:40 [restartedMain] INFO  com.fast_in.FastInApplication - The following 1 profile is active: "dev"
2024-11-15 09:35:40 [restartedMain] INFO  o.s.b.d.e.DevToolsPropertyDefaultsPostProcessor - Devtools property defaults active! Set 'spring.devtools.add-properties' to 'false' to disable
2024-11-15 09:35:40 [restartedMain] INFO  o.s.b.d.e.DevToolsPropertyDefaultsPostProcessor - For additional web related logging consider setting the 'logging.level.web' property to 'DEBUG'
2024-11-15 09:35:41 [restartedMain] INFO  o.s.d.r.c.RepositoryConfigurationDelegate - Bootstrapping Spring Data JPA repositories in DEFAULT mode.
2024-11-15 09:35:41 [restartedMain] INFO  o.s.d.r.c.RepositoryConfigurationDelegate - Finished Spring Data repository scanning in 51 ms. Found 4 JPA repository interfaces.
2024-11-15 09:35:41 [restartedMain] INFO  o.s.b.w.e.tomcat.TomcatWebServer - Tomcat initialized with port(s): 8081 (http)
2024-11-15 09:35:41 [restartedMain] INFO  o.a.coyote.http11.Http11NioProtocol - Initializing ProtocolHandler ["http-nio-8081"]
2024-11-15 09:35:41 [restartedMain] INFO  o.a.catalina.core.StandardService - Starting service [Tomcat]
2024-11-15 09:35:41 [restartedMain] INFO  o.a.catalina.core.StandardEngine - Starting Servlet engine: [Apache Tomcat/9.0.83]
2024-11-15 09:35:42 [restartedMain] INFO  o.a.c.c.C.[.[localhost].[/api/v1] - Initializing Spring embedded WebApplicationContext
2024-11-15 09:35:42 [restartedMain] INFO  o.s.b.w.s.c.ServletWebServerApplicationContext - Root WebApplicationContext: initialization completed in 1119 ms
2024-11-15 09:35:42 [restartedMain] INFO  com.zaxxer.hikari.HikariDataSource - HikariPool-1 - Starting...
2024-11-15 09:35:42 [restartedMain] INFO  com.zaxxer.hikari.HikariDataSource - HikariPool-1 - Start completed.
2024-11-15 09:35:42 [restartedMain] INFO  o.s.b.a.h.H2ConsoleAutoConfiguration - H2 console available at '/h2-console'. Database available at 'jdbc:h2:mem:fast_in_db'
2024-11-15 09:35:42 [restartedMain] INFO  o.h.jpa.internal.util.LogHelper - HHH000204: Processing PersistenceUnitInfo [name: default]
2024-11-15 09:35:42 [restartedMain] INFO  org.hibernate.Version - HHH000412: Hibernate ORM core version 5.6.15.Final
2024-11-15 09:35:42 [restartedMain] INFO  o.h.annotations.common.Version - HCANN000001: Hibernate Commons Annotations {5.1.2.Final}
2024-11-15 09:35:42 [restartedMain] INFO  org.hibernate.dialect.Dialect - HHH000400: Using dialect: org.hibernate.dialect.PostgreSQLDialect
2024-11-15 09:35:42 [restartedMain] DEBUG org.hibernate.SQL - create table driver (id  bigserial not null, availability_end date not null, availability_start date not null, first_name varchar(255), last_name varchar(255), status varchar(255) not null, primary key (id))
2024-11-15 09:35:42 [restartedMain] DEBUG org.hibernate.SQL - create table reservation (id  bigserial not null, quartier_arrivee varchar(255) not null, ville_arrivee varchar(255) not null, cancelled_at timestamp, completed_at timestamp, confirmed_at timestamp, course_end_time timestamp, course_start_time timestamp, created_at timestamp not null, date_heure timestamp not null, quartier_depart varchar(255) not null, ville_depart varchar(255) not null, distance_km float8 not null, price float8 not null, status varchar(255) not null, updated_at timestamp, driver_id int8 not null, vehicle_id uuid not null, primary key (id))
2024-11-15 09:35:42 [restartedMain] DEBUG org.hibernate.SQL - create table vehicle (id uuid not null, mileage float8 not null, model varchar(255) not null, registration_number varchar(255) not null, status varchar(255), type varchar(255), primary key (id))
2024-11-15 09:35:42 [restartedMain] DEBUG org.hibernate.SQL - alter table reservation add constraint FKiabmugn54sqbxjcpujig6tawg foreign key (driver_id) references driver
2024-11-15 09:35:42 [restartedMain] DEBUG org.hibernate.SQL - alter table reservation add constraint FKrm327sr0rb11mme0kbsm37od5 foreign key (vehicle_id) references vehicle
2024-11-15 09:35:42 [restartedMain] INFO  o.h.e.t.j.p.i.JtaPlatformInitiator - HHH000490: Using JtaPlatform implementation: [org.hibernate.engine.transaction.jta.platform.internal.NoJtaPlatform]
2024-11-15 09:35:42 [restartedMain] INFO  o.s.o.j.LocalContainerEntityManagerFactoryBean - Initialized JPA EntityManagerFactory for persistence unit 'default'
2024-11-15 09:35:43 [restartedMain] INFO  o.s.b.d.a.OptionalLiveReloadServer - LiveReload server is running on port 35729
2024-11-15 09:35:43 [restartedMain] INFO  o.a.coyote.http11.Http11NioProtocol - Starting ProtocolHandler ["http-nio-8081"]
2024-11-15 09:35:43 [restartedMain] INFO  o.s.b.w.e.tomcat.TomcatWebServer - Tomcat started on port(s): 8081 (http) with context path '/api/v1'
2024-11-15 09:35:43 [restartedMain] INFO  com.fast_in.FastInApplication - Started FastInApplication in 3.39 seconds (JVM running for 4.649)
2024-11-15 10:20:13 [File Watcher] INFO  o.s.b.d.a.LocalDevToolsAutoConfiguration$RestartingClassPathChangeChangedEventListener - Restarting due to 1 class path change (0 additions, 1 deletion, 0 modifications)
2024-11-15 10:20:13 [Thread-14] INFO  o.a.coyote.http11.Http11NioProtocol - Pausing ProtocolHandler ["http-nio-8081"]
2024-11-15 10:20:13 [Thread-14] INFO  o.a.catalina.core.StandardService - Stopping service [Tomcat]
2024-11-15 10:20:13 [Thread-14] INFO  o.a.coyote.http11.Http11NioProtocol - Stopping ProtocolHandler ["http-nio-8081"]
2024-11-15 10:20:13 [Thread-14] INFO  o.a.coyote.http11.Http11NioProtocol - Destroying ProtocolHandler ["http-nio-8081"]
2024-11-15 10:20:13 [Thread-14] INFO  o.s.o.j.LocalContainerEntityManagerFactoryBean - Closing JPA EntityManagerFactory for persistence unit 'default'
2024-11-15 10:20:14 [Thread-14] WARN  o.s.b.f.s.DisposableBeanAdapter - Invocation of destroy method failed on bean with name 'inMemoryDatabaseShutdownExecutor': org.h2.jdbc.JdbcSQLNonTransientConnectionException: Database is already closed (to disable automatic closing at VM shutdown, add ";DB_CLOSE_ON_EXIT=FALSE" to the db URL) [90121-214]
2024-11-15 10:20:14 [Thread-14] INFO  com.zaxxer.hikari.HikariDataSource - HikariPool-1 - Shutdown initiated...
2024-11-15 10:20:14 [Thread-14] INFO  com.zaxxer.hikari.HikariDataSource - HikariPool-1 - Shutdown completed.
2024-11-15 10:20:14 [restartedMain] INFO  com.fast_in.FastInApplication - Starting FastInApplication using Java 1.8.0_422 on DESKTOP-0G1GGOD with PID 28784 (C:\Users\rayane\IdeaProjects\fast_in\target\classes started by rayane in C:\Users\rayane\IdeaProjects\fast_in)
2024-11-15 10:20:14 [restartedMain] DEBUG com.fast_in.FastInApplication - Running with Spring Boot v2.7.18, Spring v5.3.31
2024-11-15 10:20:14 [restartedMain] INFO  com.fast_in.FastInApplication - The following 1 profile is active: "dev"
2024-11-15 10:20:14 [restartedMain] INFO  o.s.d.r.c.RepositoryConfigurationDelegate - Bootstrapping Spring Data JPA repositories in DEFAULT mode.
2024-11-15 10:20:14 [restartedMain] INFO  o.s.d.r.c.RepositoryConfigurationDelegate - Finished Spring Data repository scanning in 15 ms. Found 4 JPA repository interfaces.
2024-11-15 10:20:14 [restartedMain] INFO  o.s.b.w.e.tomcat.TomcatWebServer - Tomcat initialized with port(s): 8081 (http)
2024-11-15 10:20:14 [restartedMain] INFO  o.a.coyote.http11.Http11NioProtocol - Initializing ProtocolHandler ["http-nio-8081"]
2024-11-15 10:20:14 [restartedMain] INFO  o.a.catalina.core.StandardService - Starting service [Tomcat]
2024-11-15 10:20:14 [restartedMain] INFO  o.a.catalina.core.StandardEngine - Starting Servlet engine: [Apache Tomcat/9.0.83]
2024-11-15 10:20:14 [restartedMain] INFO  o.a.c.c.C.[.[localhost].[/api/v1] - Initializing Spring embedded WebApplicationContext
2024-11-15 10:20:14 [restartedMain] INFO  o.s.b.w.s.c.ServletWebServerApplicationContext - Root WebApplicationContext: initialization completed in 226 ms
2024-11-15 10:20:14 [restartedMain] INFO  com.zaxxer.hikari.HikariDataSource - HikariPool-2 - Starting...
2024-11-15 10:20:14 [restartedMain] INFO  com.zaxxer.hikari.HikariDataSource - HikariPool-2 - Start completed.
2024-11-15 10:20:14 [restartedMain] INFO  o.s.b.a.h.H2ConsoleAutoConfiguration - H2 console available at '/h2-console'. Database available at 'jdbc:h2:mem:fast_in_db'
2024-11-15 10:20:14 [restartedMain] INFO  o.h.jpa.internal.util.LogHelper - HHH000204: Processing PersistenceUnitInfo [name: default]
2024-11-15 10:20:14 [restartedMain] INFO  org.hibernate.dialect.Dialect - HHH000400: Using dialect: org.hibernate.dialect.PostgreSQLDialect
2024-11-15 10:20:14 [restartedMain] DEBUG org.hibernate.SQL - create table driver (id  bigserial not null, availability_end date not null, availability_start date not null, first_name varchar(255), last_name varchar(255), status varchar(255) not null, primary key (id))
2024-11-15 10:20:14 [restartedMain] DEBUG org.hibernate.SQL - create table reservation (id  bigserial not null, quartier_arrivee varchar(255) not null, ville_arrivee varchar(255) not null, cancelled_at timestamp, completed_at timestamp, confirmed_at timestamp, course_end_time timestamp, course_start_time timestamp, created_at timestamp not null, date_heure timestamp not null, quartier_depart varchar(255) not null, ville_depart varchar(255) not null, distance_km float8 not null, price float8 not null, status varchar(255) not null, updated_at timestamp, driver_id int8 not null, vehicle_id uuid not null, primary key (id))
2024-11-15 10:20:14 [restartedMain] DEBUG org.hibernate.SQL - create table vehicle (id uuid not null, mileage float8 not null, model varchar(255) not null, registration_number varchar(255) not null, status varchar(255), type varchar(255), primary key (id))
2024-11-15 10:20:14 [restartedMain] DEBUG org.hibernate.SQL - alter table reservation add constraint FKiabmugn54sqbxjcpujig6tawg foreign key (driver_id) references driver
2024-11-15 10:20:14 [restartedMain] DEBUG org.hibernate.SQL - alter table reservation add constraint FKrm327sr0rb11mme0kbsm37od5 foreign key (vehicle_id) references vehicle
2024-11-15 10:20:14 [restartedMain] INFO  o.h.e.t.j.p.i.JtaPlatformInitiator - HHH000490: Using JtaPlatform implementation: [org.hibernate.engine.transaction.jta.platform.internal.NoJtaPlatform]
2024-11-15 10:20:14 [restartedMain] INFO  o.s.o.j.LocalContainerEntityManagerFactoryBean - Initialized JPA EntityManagerFactory for persistence unit 'default'
2024-11-15 10:20:14 [restartedMain] INFO  o.s.b.d.a.OptionalLiveReloadServer - LiveReload server is running on port 35729
2024-11-15 10:20:14 [restartedMain] INFO  o.a.coyote.http11.Http11NioProtocol - Starting ProtocolHandler ["http-nio-8081"]
2024-11-15 10:20:14 [restartedMain] INFO  o.s.b.w.e.tomcat.TomcatWebServer - Tomcat started on port(s): 8081 (http) with context path '/api/v1'
2024-11-15 10:20:14 [restartedMain] INFO  com.fast_in.FastInApplication - Started FastInApplication in 0.479 seconds (JVM running for 2675.744)
2024-11-15 10:20:14 [restartedMain] INFO  o.s.b.d.a.ConditionEvaluationDeltaLoggingListener - Condition evaluation unchanged
2024-11-15 10:20:17 [File Watcher] INFO  o.s.b.d.a.LocalDevToolsAutoConfiguration$RestartingClassPathChangeChangedEventListener - Restarting due to 1 class path change (1 addition, 0 deletions, 0 modifications)
2024-11-15 10:20:17 [Thread-20] INFO  o.a.coyote.http11.Http11NioProtocol - Pausing ProtocolHandler ["http-nio-8081"]
2024-11-15 10:20:17 [Thread-20] INFO  o.a.catalina.core.StandardService - Stopping service [Tomcat]
2024-11-15 10:20:17 [Thread-20] INFO  o.a.coyote.http11.Http11NioProtocol - Stopping ProtocolHandler ["http-nio-8081"]
2024-11-15 10:20:17 [Thread-20] INFO  o.a.coyote.http11.Http11NioProtocol - Destroying ProtocolHandler ["http-nio-8081"]
2024-11-15 10:20:17 [Thread-20] INFO  o.s.o.j.LocalContainerEntityManagerFactoryBean - Closing JPA EntityManagerFactory for persistence unit 'default'
2024-11-15 10:20:17 [Thread-20] WARN  o.s.b.f.s.DisposableBeanAdapter - Invocation of destroy method failed on bean with name 'inMemoryDatabaseShutdownExecutor': org.h2.jdbc.JdbcSQLNonTransientConnectionException: Database is already closed (to disable automatic closing at VM shutdown, add ";DB_CLOSE_ON_EXIT=FALSE" to the db URL) [90121-214]
2024-11-15 10:20:17 [Thread-20] INFO  com.zaxxer.hikari.HikariDataSource - HikariPool-2 - Shutdown initiated...
2024-11-15 10:20:17 [Thread-20] INFO  com.zaxxer.hikari.HikariDataSource - HikariPool-2 - Shutdown completed.
2024-11-15 10:20:17 [restartedMain] INFO  com.fast_in.FastInApplication - Starting FastInApplication using Java 1.8.0_422 on DESKTOP-0G1GGOD with PID 28784 (C:\Users\rayane\IdeaProjects\fast_in\target\classes started by rayane in C:\Users\rayane\IdeaProjects\fast_in)
2024-11-15 10:20:17 [restartedMain] DEBUG com.fast_in.FastInApplication - Running with Spring Boot v2.7.18, Spring v5.3.31
2024-11-15 10:20:17 [restartedMain] INFO  com.fast_in.FastInApplication - The following 1 profile is active: "dev"
2024-11-15 10:20:17 [restartedMain] INFO  o.s.d.r.c.RepositoryConfigurationDelegate - Bootstrapping Spring Data JPA repositories in DEFAULT mode.
2024-11-15 10:20:17 [restartedMain] INFO  o.s.d.r.c.RepositoryConfigurationDelegate - Finished Spring Data repository scanning in 13 ms. Found 4 JPA repository interfaces.
2024-11-15 10:20:17 [restartedMain] INFO  o.s.b.w.e.tomcat.TomcatWebServer - Tomcat initialized with port(s): 8081 (http)
2024-11-15 10:20:17 [restartedMain] INFO  o.a.coyote.http11.Http11NioProtocol - Initializing ProtocolHandler ["http-nio-8081"]
2024-11-15 10:20:17 [restartedMain] INFO  o.a.catalina.core.StandardService - Starting service [Tomcat]
2024-11-15 10:20:17 [restartedMain] INFO  o.a.catalina.core.StandardEngine - Starting Servlet engine: [Apache Tomcat/9.0.83]
2024-11-15 10:20:17 [restartedMain] INFO  o.a.c.c.C.[.[localhost].[/api/v1] - Initializing Spring embedded WebApplicationContext
2024-11-15 10:20:17 [restartedMain] INFO  o.s.b.w.s.c.ServletWebServerApplicationContext - Root WebApplicationContext: initialization completed in 187 ms
2024-11-15 10:20:18 [restartedMain] INFO  com.zaxxer.hikari.HikariDataSource - HikariPool-3 - Starting...
2024-11-15 10:20:18 [restartedMain] INFO  com.zaxxer.hikari.HikariDataSource - HikariPool-3 - Start completed.
2024-11-15 10:20:18 [restartedMain] INFO  o.s.b.a.h.H2ConsoleAutoConfiguration - H2 console available at '/h2-console'. Database available at 'jdbc:h2:mem:fast_in_db'
2024-11-15 10:20:18 [restartedMain] INFO  o.h.jpa.internal.util.LogHelper - HHH000204: Processing PersistenceUnitInfo [name: default]
2024-11-15 10:20:18 [restartedMain] INFO  org.hibernate.dialect.Dialect - HHH000400: Using dialect: org.hibernate.dialect.PostgreSQLDialect
2024-11-15 10:20:18 [restartedMain] DEBUG org.hibernate.SQL - create table driver (id  bigserial not null, availability_end date not null, availability_start date not null, first_name varchar(255), last_name varchar(255), status varchar(255) not null, primary key (id))
2024-11-15 10:20:18 [restartedMain] DEBUG org.hibernate.SQL - create table reservation (id  bigserial not null, quartier_arrivee varchar(255) not null, ville_arrivee varchar(255) not null, cancelled_at timestamp, completed_at timestamp, confirmed_at timestamp, course_end_time timestamp, course_start_time timestamp, created_at timestamp not null, date_heure timestamp not null, quartier_depart varchar(255) not null, ville_depart varchar(255) not null, distance_km float8 not null, price float8 not null, status varchar(255) not null, updated_at timestamp, driver_id int8 not null, vehicle_id uuid not null, primary key (id))
2024-11-15 10:20:18 [restartedMain] DEBUG org.hibernate.SQL - create table vehicle (id uuid not null, mileage float8 not null, model varchar(255) not null, registration_number varchar(255) not null, status varchar(255), type varchar(255), primary key (id))
2024-11-15 10:20:18 [restartedMain] DEBUG org.hibernate.SQL - alter table reservation add constraint FKiabmugn54sqbxjcpujig6tawg foreign key (driver_id) references driver
2024-11-15 10:20:18 [restartedMain] DEBUG org.hibernate.SQL - alter table reservation add constraint FKrm327sr0rb11mme0kbsm37od5 foreign key (vehicle_id) references vehicle
2024-11-15 10:20:18 [restartedMain] INFO  o.h.e.t.j.p.i.JtaPlatformInitiator - HHH000490: Using JtaPlatform implementation: [org.hibernate.engine.transaction.jta.platform.internal.NoJtaPlatform]
2024-11-15 10:20:18 [restartedMain] INFO  o.s.o.j.LocalContainerEntityManagerFactoryBean - Initialized JPA EntityManagerFactory for persistence unit 'default'
2024-11-15 10:20:18 [restartedMain] INFO  o.s.b.d.a.OptionalLiveReloadServer - LiveReload server is running on port 35729
2024-11-15 10:20:18 [restartedMain] INFO  o.a.coyote.http11.Http11NioProtocol - Starting ProtocolHandler ["http-nio-8081"]
2024-11-15 10:20:18 [restartedMain] INFO  o.s.b.w.e.tomcat.TomcatWebServer - Tomcat started on port(s): 8081 (http) with context path '/api/v1'
2024-11-15 10:20:18 [restartedMain] INFO  com.fast_in.FastInApplication - Started FastInApplication in 0.417 seconds (JVM running for 2679.171)
2024-11-15 10:20:18 [restartedMain] INFO  o.s.b.d.a.ConditionEvaluationDeltaLoggingListener - Condition evaluation unchanged
2024-11-15 10:23:24 [File Watcher] INFO  o.s.b.d.a.LocalDevToolsAutoConfiguration$RestartingClassPathChangeChangedEventListener - Restarting due to 1 class path change (0 additions, 1 deletion, 0 modifications)
2024-11-15 10:23:24 [Thread-24] INFO  o.a.coyote.http11.Http11NioProtocol - Pausing ProtocolHandler ["http-nio-8081"]
2024-11-15 10:23:24 [Thread-24] INFO  o.a.catalina.core.StandardService - Stopping service [Tomcat]
2024-11-15 10:23:24 [Thread-24] INFO  o.a.coyote.http11.Http11NioProtocol - Stopping ProtocolHandler ["http-nio-8081"]
2024-11-15 10:23:24 [Thread-24] INFO  o.a.coyote.http11.Http11NioProtocol - Destroying ProtocolHandler ["http-nio-8081"]
2024-11-15 10:23:24 [Thread-24] INFO  o.s.o.j.LocalContainerEntityManagerFactoryBean - Closing JPA EntityManagerFactory for persistence unit 'default'
2024-11-15 10:23:24 [Thread-24] WARN  o.s.b.f.s.DisposableBeanAdapter - Invocation of destroy method failed on bean with name 'inMemoryDatabaseShutdownExecutor': org.h2.jdbc.JdbcSQLNonTransientConnectionException: Database is already closed (to disable automatic closing at VM shutdown, add ";DB_CLOSE_ON_EXIT=FALSE" to the db URL) [90121-214]
2024-11-15 10:23:24 [Thread-24] INFO  com.zaxxer.hikari.HikariDataSource - HikariPool-3 - Shutdown initiated...
2024-11-15 10:23:24 [Thread-24] INFO  com.zaxxer.hikari.HikariDataSource - HikariPool-3 - Shutdown completed.
2024-11-15 10:23:24 [restartedMain] INFO  com.fast_in.FastInApplication - Starting FastInApplication using Java 1.8.0_422 on DESKTOP-0G1GGOD with PID 28784 (C:\Users\rayane\IdeaProjects\fast_in\target\classes started by rayane in C:\Users\rayane\IdeaProjects\fast_in)
2024-11-15 10:23:24 [restartedMain] DEBUG com.fast_in.FastInApplication - Running with Spring Boot v2.7.18, Spring v5.3.31
2024-11-15 10:23:24 [restartedMain] INFO  com.fast_in.FastInApplication - The following 1 profile is active: "dev"
2024-11-15 10:23:24 [restartedMain] INFO  o.s.d.r.c.RepositoryConfigurationDelegate - Bootstrapping Spring Data JPA repositories in DEFAULT mode.
2024-11-15 10:23:24 [restartedMain] INFO  o.s.d.r.c.RepositoryConfigurationDelegate - Finished Spring Data repository scanning in 12 ms. Found 4 JPA repository interfaces.
2024-11-15 10:23:25 [restartedMain] INFO  o.s.b.w.e.tomcat.TomcatWebServer - Tomcat initialized with port(s): 8081 (http)
2024-11-15 10:23:25 [restartedMain] INFO  o.a.coyote.http11.Http11NioProtocol - Initializing ProtocolHandler ["http-nio-8081"]
2024-11-15 10:23:25 [restartedMain] INFO  o.a.catalina.core.StandardService - Starting service [Tomcat]
2024-11-15 10:23:25 [restartedMain] INFO  o.a.catalina.core.StandardEngine - Starting Servlet engine: [Apache Tomcat/9.0.83]
2024-11-15 10:23:25 [restartedMain] INFO  o.a.c.c.C.[.[localhost].[/api/v1] - Initializing Spring embedded WebApplicationContext
2024-11-15 10:23:25 [restartedMain] INFO  o.s.b.w.s.c.ServletWebServerApplicationContext - Root WebApplicationContext: initialization completed in 178 ms
2024-11-15 10:23:25 [restartedMain] INFO  com.zaxxer.hikari.HikariDataSource - HikariPool-4 - Starting...
2024-11-15 10:23:25 [restartedMain] INFO  com.zaxxer.hikari.HikariDataSource - HikariPool-4 - Start completed.
2024-11-15 10:23:25 [restartedMain] INFO  o.s.b.a.h.H2ConsoleAutoConfiguration - H2 console available at '/h2-console'. Database available at 'jdbc:h2:mem:fast_in_db'
2024-11-15 10:23:25 [restartedMain] INFO  o.h.jpa.internal.util.LogHelper - HHH000204: Processing PersistenceUnitInfo [name: default]
2024-11-15 10:23:25 [restartedMain] INFO  org.hibernate.dialect.Dialect - HHH000400: Using dialect: org.hibernate.dialect.PostgreSQLDialect
2024-11-15 10:23:25 [restartedMain] DEBUG org.hibernate.SQL - create table driver (id  bigserial not null, availability_end date not null, availability_start date not null, first_name varchar(255), last_name varchar(255), status varchar(255) not null, primary key (id))
2024-11-15 10:23:25 [restartedMain] DEBUG org.hibernate.SQL - create table reservation (id  bigserial not null, quartier_arrivee varchar(255) not null, ville_arrivee varchar(255) not null, cancelled_at timestamp, completed_at timestamp, confirmed_at timestamp, course_end_time timestamp, course_start_time timestamp, created_at timestamp not null, date_heure timestamp not null, quartier_depart varchar(255) not null, ville_depart varchar(255) not null, distance_km float8 not null, price float8 not null, status varchar(255) not null, updated_at timestamp, driver_id int8 not null, vehicle_id uuid not null, primary key (id))
2024-11-15 10:23:25 [restartedMain] DEBUG org.hibernate.SQL - create table vehicle (id uuid not null, mileage float8 not null, model varchar(255) not null, registration_number varchar(255) not null, status varchar(255), type varchar(255), primary key (id))
2024-11-15 10:23:25 [restartedMain] DEBUG org.hibernate.SQL - alter table reservation add constraint FKiabmugn54sqbxjcpujig6tawg foreign key (driver_id) references driver
2024-11-15 10:23:25 [restartedMain] DEBUG org.hibernate.SQL - alter table reservation add constraint FKrm327sr0rb11mme0kbsm37od5 foreign key (vehicle_id) references vehicle
2024-11-15 10:23:25 [restartedMain] INFO  o.h.e.t.j.p.i.JtaPlatformInitiator - HHH000490: Using JtaPlatform implementation: [org.hibernate.engine.transaction.jta.platform.internal.NoJtaPlatform]
2024-11-15 10:23:25 [restartedMain] INFO  o.s.o.j.LocalContainerEntityManagerFactoryBean - Initialized JPA EntityManagerFactory for persistence unit 'default'
2024-11-15 10:23:25 [restartedMain] INFO  o.s.b.d.a.OptionalLiveReloadServer - LiveReload server is running on port 35729
2024-11-15 10:23:25 [restartedMain] INFO  o.a.coyote.http11.Http11NioProtocol - Starting ProtocolHandler ["http-nio-8081"]
2024-11-15 10:23:25 [restartedMain] INFO  o.s.b.w.e.tomcat.TomcatWebServer - Tomcat started on port(s): 8081 (http) with context path '/api/v1'
2024-11-15 10:23:25 [restartedMain] INFO  com.fast_in.FastInApplication - Started FastInApplication in 0.405 seconds (JVM running for 2866.181)
2024-11-15 10:23:25 [restartedMain] INFO  o.s.b.d.a.ConditionEvaluationDeltaLoggingListener - Condition evaluation unchanged
2024-11-15 10:23:26 [File Watcher] INFO  o.s.b.d.a.LocalDevToolsAutoConfiguration$RestartingClassPathChangeChangedEventListener - Restarting due to 1 class path change (1 addition, 0 deletions, 0 modifications)
2024-11-15 10:23:26 [Thread-28] INFO  o.a.coyote.http11.Http11NioProtocol - Pausing ProtocolHandler ["http-nio-8081"]
2024-11-15 10:23:26 [Thread-28] INFO  o.a.catalina.core.StandardService - Stopping service [Tomcat]
2024-11-15 10:23:26 [Thread-28] INFO  o.a.coyote.http11.Http11NioProtocol - Stopping ProtocolHandler ["http-nio-8081"]
2024-11-15 10:23:26 [Thread-28] INFO  o.a.coyote.http11.Http11NioProtocol - Destroying ProtocolHandler ["http-nio-8081"]
2024-11-15 10:23:26 [Thread-28] INFO  o.s.o.j.LocalContainerEntityManagerFactoryBean - Closing JPA EntityManagerFactory for persistence unit 'default'
2024-11-15 10:23:27 [Thread-28] WARN  o.s.b.f.s.DisposableBeanAdapter - Invocation of destroy method failed on bean with name 'inMemoryDatabaseShutdownExecutor': org.h2.jdbc.JdbcSQLNonTransientConnectionException: Database is already closed (to disable automatic closing at VM shutdown, add ";DB_CLOSE_ON_EXIT=FALSE" to the db URL) [90121-214]
2024-11-15 10:23:27 [Thread-28] INFO  com.zaxxer.hikari.HikariDataSource - HikariPool-4 - Shutdown initiated...
2024-11-15 10:23:27 [Thread-28] INFO  com.zaxxer.hikari.HikariDataSource - HikariPool-4 - Shutdown completed.
2024-11-15 10:23:27 [restartedMain] INFO  com.fast_in.FastInApplication - Starting FastInApplication using Java 1.8.0_422 on DESKTOP-0G1GGOD with PID 28784 (C:\Users\rayane\IdeaProjects\fast_in\target\classes started by rayane in C:\Users\rayane\IdeaProjects\fast_in)
2024-11-15 10:23:27 [restartedMain] DEBUG com.fast_in.FastInApplication - Running with Spring Boot v2.7.18, Spring v5.3.31
2024-11-15 10:23:27 [restartedMain] INFO  com.fast_in.FastInApplication - The following 1 profile is active: "dev"
2024-11-15 10:23:27 [restartedMain] INFO  o.s.d.r.c.RepositoryConfigurationDelegate - Bootstrapping Spring Data JPA repositories in DEFAULT mode.
2024-11-15 10:23:27 [restartedMain] INFO  o.s.d.r.c.RepositoryConfigurationDelegate - Finished Spring Data repository scanning in 14 ms. Found 4 JPA repository interfaces.
2024-11-15 10:23:27 [restartedMain] INFO  o.s.b.w.e.tomcat.TomcatWebServer - Tomcat initialized with port(s): 8081 (http)
2024-11-15 10:23:27 [restartedMain] INFO  o.a.coyote.http11.Http11NioProtocol - Initializing ProtocolHandler ["http-nio-8081"]
2024-11-15 10:23:27 [restartedMain] INFO  o.a.catalina.core.StandardService - Starting service [Tomcat]
2024-11-15 10:23:27 [restartedMain] INFO  o.a.catalina.core.StandardEngine - Starting Servlet engine: [Apache Tomcat/9.0.83]
2024-11-15 10:23:27 [restartedMain] INFO  o.a.c.c.C.[.[localhost].[/api/v1] - Initializing Spring embedded WebApplicationContext
2024-11-15 10:23:27 [restartedMain] INFO  o.s.b.w.s.c.ServletWebServerApplicationContext - Root WebApplicationContext: initialization completed in 188 ms
2024-11-15 10:23:27 [restartedMain] INFO  com.zaxxer.hikari.HikariDataSource - HikariPool-5 - Starting...
2024-11-15 10:23:27 [restartedMain] INFO  com.zaxxer.hikari.HikariDataSource - HikariPool-5 - Start completed.
2024-11-15 10:23:27 [restartedMain] INFO  o.s.b.a.h.H2ConsoleAutoConfiguration - H2 console available at '/h2-console'. Database available at 'jdbc:h2:mem:fast_in_db'
2024-11-15 10:23:27 [restartedMain] INFO  o.h.jpa.internal.util.LogHelper - HHH000204: Processing PersistenceUnitInfo [name: default]
2024-11-15 10:23:27 [restartedMain] INFO  org.hibernate.dialect.Dialect - HHH000400: Using dialect: org.hibernate.dialect.PostgreSQLDialect
2024-11-15 10:23:27 [restartedMain] DEBUG org.hibernate.SQL - create table driver (id  bigserial not null, availability_end date not null, availability_start date not null, first_name varchar(255), last_name varchar(255), status varchar(255) not null, primary key (id))
2024-11-15 10:23:27 [restartedMain] DEBUG org.hibernate.SQL - create table reservation (id  bigserial not null, quartier_arrivee varchar(255) not null, ville_arrivee varchar(255) not null, cancelled_at timestamp, completed_at timestamp, confirmed_at timestamp, course_end_time timestamp, course_start_time timestamp, created_at timestamp not null, date_heure timestamp not null, quartier_depart varchar(255) not null, ville_depart varchar(255) not null, distance_km float8 not null, price float8 not null, status varchar(255) not null, updated_at timestamp, driver_id int8 not null, vehicle_id uuid not null, primary key (id))
2024-11-15 10:23:27 [restartedMain] DEBUG org.hibernate.SQL - create table vehicle (id uuid not null, mileage float8 not null, model varchar(255) not null, registration_number varchar(255) not null, status varchar(255), type varchar(255), primary key (id))
2024-11-15 10:23:27 [restartedMain] DEBUG org.hibernate.SQL - alter table reservation add constraint FKiabmugn54sqbxjcpujig6tawg foreign key (driver_id) references driver
2024-11-15 10:23:27 [restartedMain] DEBUG org.hibernate.SQL - alter table reservation add constraint FKrm327sr0rb11mme0kbsm37od5 foreign key (vehicle_id) references vehicle
2024-11-15 10:23:27 [restartedMain] INFO  o.h.e.t.j.p.i.JtaPlatformInitiator - HHH000490: Using JtaPlatform implementation: [org.hibernate.engine.transaction.jta.platform.internal.NoJtaPlatform]
2024-11-15 10:23:27 [restartedMain] INFO  o.s.o.j.LocalContainerEntityManagerFactoryBean - Initialized JPA EntityManagerFactory for persistence unit 'default'
2024-11-15 10:23:27 [restartedMain] INFO  o.s.b.d.a.OptionalLiveReloadServer - LiveReload server is running on port 35729
2024-11-15 10:23:27 [restartedMain] INFO  o.a.coyote.http11.Http11NioProtocol - Starting ProtocolHandler ["http-nio-8081"]
2024-11-15 10:23:27 [restartedMain] INFO  o.s.b.w.e.tomcat.TomcatWebServer - Tomcat started on port(s): 8081 (http) with context path '/api/v1'
2024-11-15 10:23:27 [restartedMain] INFO  com.fast_in.FastInApplication - Started FastInApplication in 0.444 seconds (JVM running for 2868.544)
2024-11-15 10:23:27 [restartedMain] INFO  o.s.b.d.a.ConditionEvaluationDeltaLoggingListener - Condition evaluation unchanged
2024-11-15 10:28:21 [File Watcher] INFO  o.s.b.d.a.LocalDevToolsAutoConfiguration$RestartingClassPathChangeChangedEventListener - Restarting due to 1 class path change (0 additions, 1 deletion, 0 modifications)
2024-11-15 10:28:22 [Thread-32] INFO  o.a.coyote.http11.Http11NioProtocol - Pausing ProtocolHandler ["http-nio-8081"]
2024-11-15 10:28:22 [Thread-32] INFO  o.a.catalina.core.StandardService - Stopping service [Tomcat]
2024-11-15 10:28:22 [Thread-32] INFO  o.a.coyote.http11.Http11NioProtocol - Stopping ProtocolHandler ["http-nio-8081"]
2024-11-15 10:28:22 [Thread-32] INFO  o.a.coyote.http11.Http11NioProtocol - Destroying ProtocolHandler ["http-nio-8081"]
2024-11-15 10:28:22 [Thread-32] INFO  o.s.o.j.LocalContainerEntityManagerFactoryBean - Closing JPA EntityManagerFactory for persistence unit 'default'
2024-11-15 10:28:22 [Thread-32] WARN  o.s.b.f.s.DisposableBeanAdapter - Invocation of destroy method failed on bean with name 'inMemoryDatabaseShutdownExecutor': org.h2.jdbc.JdbcSQLNonTransientConnectionException: Database is already closed (to disable automatic closing at VM shutdown, add ";DB_CLOSE_ON_EXIT=FALSE" to the db URL) [90121-214]
2024-11-15 10:28:22 [Thread-32] INFO  com.zaxxer.hikari.HikariDataSource - HikariPool-5 - Shutdown initiated...
2024-11-15 10:28:22 [Thread-32] INFO  com.zaxxer.hikari.HikariDataSource - HikariPool-5 - Shutdown completed.
2024-11-15 10:28:22 [restartedMain] INFO  com.fast_in.FastInApplication - Starting FastInApplication using Java 1.8.0_422 on DESKTOP-0G1GGOD with PID 28784 (C:\Users\rayane\IdeaProjects\fast_in\target\classes started by rayane in C:\Users\rayane\IdeaProjects\fast_in)
2024-11-15 10:28:22 [restartedMain] DEBUG com.fast_in.FastInApplication - Running with Spring Boot v2.7.18, Spring v5.3.31
2024-11-15 10:28:22 [restartedMain] INFO  com.fast_in.FastInApplication - The following 1 profile is active: "dev"
2024-11-15 10:28:22 [restartedMain] INFO  o.s.d.r.c.RepositoryConfigurationDelegate - Bootstrapping Spring Data JPA repositories in DEFAULT mode.
2024-11-15 10:28:22 [restartedMain] INFO  o.s.d.r.c.RepositoryConfigurationDelegate - Finished Spring Data repository scanning in 13 ms. Found 4 JPA repository interfaces.
2024-11-15 10:28:22 [restartedMain] INFO  o.s.b.w.e.tomcat.TomcatWebServer - Tomcat initialized with port(s): 8081 (http)
2024-11-15 10:28:22 [restartedMain] INFO  o.a.coyote.http11.Http11NioProtocol - Initializing ProtocolHandler ["http-nio-8081"]
2024-11-15 10:28:22 [restartedMain] INFO  o.a.catalina.core.StandardService - Starting service [Tomcat]
2024-11-15 10:28:22 [restartedMain] INFO  o.a.catalina.core.StandardEngine - Starting Servlet engine: [Apache Tomcat/9.0.83]
2024-11-15 10:28:22 [restartedMain] INFO  o.a.c.c.C.[.[localhost].[/api/v1] - Initializing Spring embedded WebApplicationContext
2024-11-15 10:28:22 [restartedMain] INFO  o.s.b.w.s.c.ServletWebServerApplicationContext - Root WebApplicationContext: initialization completed in 196 ms
2024-11-15 10:28:22 [restartedMain] INFO  com.zaxxer.hikari.HikariDataSource - HikariPool-6 - Starting...
2024-11-15 10:28:22 [restartedMain] INFO  com.zaxxer.hikari.HikariDataSource - HikariPool-6 - Start completed.
2024-11-15 10:28:22 [restartedMain] INFO  o.s.b.a.h.H2ConsoleAutoConfiguration - H2 console available at '/h2-console'. Database available at 'jdbc:h2:mem:fast_in_db'
2024-11-15 10:28:22 [restartedMain] INFO  o.h.jpa.internal.util.LogHelper - HHH000204: Processing PersistenceUnitInfo [name: default]
2024-11-15 10:28:22 [restartedMain] INFO  org.hibernate.dialect.Dialect - HHH000400: Using dialect: org.hibernate.dialect.PostgreSQLDialect
2024-11-15 10:28:22 [restartedMain] DEBUG org.hibernate.SQL - create table driver (id  bigserial not null, availability_end date not null, availability_start date not null, first_name varchar(255), last_name varchar(255), status varchar(255) not null, primary key (id))
2024-11-15 10:28:22 [restartedMain] DEBUG org.hibernate.SQL - create table reservation (id  bigserial not null, quartier_arrivee varchar(255) not null, ville_arrivee varchar(255) not null, cancelled_at timestamp, completed_at timestamp, confirmed_at timestamp, course_end_time timestamp, course_start_time timestamp, created_at timestamp not null, date_heure timestamp not null, quartier_depart varchar(255) not null, ville_depart varchar(255) not null, distance_km float8 not null, price float8 not null, status varchar(255) not null, updated_at timestamp, driver_id int8 not null, vehicle_id uuid not null, primary key (id))
2024-11-15 10:28:22 [restartedMain] DEBUG org.hibernate.SQL - create table vehicle (id uuid not null, mileage float8 not null, model varchar(255) not null, registration_number varchar(255) not null, status varchar(255), type varchar(255), primary key (id))
2024-11-15 10:28:22 [restartedMain] DEBUG org.hibernate.SQL - alter table reservation add constraint FKiabmugn54sqbxjcpujig6tawg foreign key (driver_id) references driver
2024-11-15 10:28:22 [restartedMain] DEBUG org.hibernate.SQL - alter table reservation add constraint FKrm327sr0rb11mme0kbsm37od5 foreign key (vehicle_id) references vehicle
2024-11-15 10:28:22 [restartedMain] INFO  o.h.e.t.j.p.i.JtaPlatformInitiator - HHH000490: Using JtaPlatform implementation: [org.hibernate.engine.transaction.jta.platform.internal.NoJtaPlatform]
2024-11-15 10:28:22 [restartedMain] INFO  o.s.o.j.LocalContainerEntityManagerFactoryBean - Initialized JPA EntityManagerFactory for persistence unit 'default'
2024-11-15 10:28:22 [restartedMain] WARN  o.s.b.w.s.c.AnnotationConfigServletWebServerApplicationContext - Exception encountered during context initialization - cancelling refresh attempt: org.springframework.beans.factory.BeanCreationException: Error creating bean with name 'vehicleController': Lookup method resolution failed; nested exception is java.lang.IllegalStateException: Failed to introspect Class [com.fast_in.controller.VehicleController] from ClassLoader [org.springframework.boot.devtools.restart.classloader.RestartClassLoader@69bab16a]
2024-11-15 10:28:22 [restartedMain] INFO  o.s.o.j.LocalContainerEntityManagerFactoryBean - Closing JPA EntityManagerFactory for persistence unit 'default'
2024-11-15 10:28:22 [restartedMain] WARN  o.s.b.f.s.DisposableBeanAdapter - Invocation of destroy method failed on bean with name 'inMemoryDatabaseShutdownExecutor': org.h2.jdbc.JdbcSQLNonTransientConnectionException: Database is already closed (to disable automatic closing at VM shutdown, add ";DB_CLOSE_ON_EXIT=FALSE" to the db URL) [90121-214]
2024-11-15 10:28:22 [restartedMain] INFO  com.zaxxer.hikari.HikariDataSource - HikariPool-6 - Shutdown initiated...
2024-11-15 10:28:23 [restartedMain] INFO  com.zaxxer.hikari.HikariDataSource - HikariPool-6 - Shutdown completed.
2024-11-15 10:28:23 [restartedMain] INFO  o.a.catalina.core.StandardService - Stopping service [Tomcat]
2024-11-15 10:28:23 [restartedMain] INFO  o.s.b.a.l.ConditionEvaluationReportLoggingListener - 

Error starting ApplicationContext. To display the conditions report re-run your application with 'debug' enabled.
2024-11-15 10:28:23 [restartedMain] ERROR o.s.boot.SpringApplication - Application run failed
org.springframework.beans.factory.BeanCreationException: Error creating bean with name 'vehicleController': Lookup method resolution failed; nested exception is java.lang.IllegalStateException: Failed to introspect Class [com.fast_in.controller.VehicleController] from ClassLoader [org.springframework.boot.devtools.restart.classloader.RestartClassLoader@69bab16a]
	at org.springframework.beans.factory.annotation.AutowiredAnnotationBeanPostProcessor.determineCandidateConstructors(AutowiredAnnotationBeanPostProcessor.java:298)
	at org.springframework.beans.factory.support.AbstractAutowireCapableBeanFactory.determineConstructorsFromBeanPostProcessors(AbstractAutowireCapableBeanFactory.java:1302)
	at org.springframework.beans.factory.support.AbstractAutowireCapableBeanFactory.createBeanInstance(AbstractAutowireCapableBeanFactory.java:1219)
	at org.springframework.beans.factory.support.AbstractAutowireCapableBeanFactory.doCreateBean(AbstractAutowireCapableBeanFactory.java:582)
	at org.springframework.beans.factory.support.AbstractAutowireCapableBeanFactory.createBean(AbstractAutowireCapableBeanFactory.java:542)
	at org.springframework.beans.factory.support.AbstractBeanFactory.lambda$doGetBean$0(AbstractBeanFactory.java:335)
	at org.springframework.beans.factory.support.DefaultSingletonBeanRegistry.getSingleton(DefaultSingletonBeanRegistry.java:234)
	at org.springframework.beans.factory.support.AbstractBeanFactory.doGetBean(AbstractBeanFactory.java:333)
	at org.springframework.beans.factory.support.AbstractBeanFactory.getBean(AbstractBeanFactory.java:208)
	at org.springframework.beans.factory.support.DefaultListableBeanFactory.preInstantiateSingletons(DefaultListableBeanFactory.java:955)
	at org.springframework.context.support.AbstractApplicationContext.finishBeanFactoryInitialization(AbstractApplicationContext.java:929)
	at org.springframework.context.support.AbstractApplicationContext.refresh(AbstractApplicationContext.java:591)
	at org.springframework.boot.web.servlet.context.ServletWebServerApplicationContext.refresh(ServletWebServerApplicationContext.java:147)
	at org.springframework.boot.SpringApplication.refresh(SpringApplication.java:732)
	at org.springframework.boot.SpringApplication.refreshContext(SpringApplication.java:409)
	at org.springframework.boot.SpringApplication.run(SpringApplication.java:308)
	at org.springframework.boot.SpringApplication.run(SpringApplication.java:1300)
	at org.springframework.boot.SpringApplication.run(SpringApplication.java:1289)
	at com.fast_in.FastInApplication.main(FastInApplication.java:10)
	at sun.reflect.NativeMethodAccessorImpl.invoke0(Native Method)
	at sun.reflect.NativeMethodAccessorImpl.invoke(NativeMethodAccessorImpl.java:62)
	at sun.reflect.DelegatingMethodAccessorImpl.invoke(DelegatingMethodAccessorImpl.java:43)
	at java.lang.reflect.Method.invoke(Method.java:498)
	at org.springframework.boot.devtools.restart.RestartLauncher.run(RestartLauncher.java:50)
Caused by: java.lang.IllegalStateException: Failed to introspect Class [com.fast_in.controller.VehicleController] from ClassLoader [org.springframework.boot.devtools.restart.classloader.RestartClassLoader@69bab16a]
	at org.springframework.util.ReflectionUtils.getDeclaredMethods(ReflectionUtils.java:485)
	at org.springframework.util.ReflectionUtils.doWithLocalMethods(ReflectionUtils.java:321)
	at org.springframework.beans.factory.annotation.AutowiredAnnotationBeanPostProcessor.determineCandidateConstructors(AutowiredAnnotationBeanPostProcessor.java:276)
	... 23 common frames omitted
Caused by: java.lang.NoClassDefFoundError: com/fast_in/dto/request/VehicleRequest
	at java.lang.Class.getDeclaredMethods0(Native Method)
	at java.lang.Class.privateGetDeclaredMethods(Class.java:2729)
	at java.lang.Class.getDeclaredMethods(Class.java:2003)
	at org.springframework.util.ReflectionUtils.getDeclaredMethods(ReflectionUtils.java:467)
	... 25 common frames omitted
Caused by: java.lang.ClassNotFoundException: com.fast_in.dto.request.VehicleRequest
	at java.net.URLClassLoader.findClass(URLClassLoader.java:387)
	at java.lang.ClassLoader.loadClass(ClassLoader.java:418)
	at sun.misc.Launcher$AppClassLoader.loadClass(Launcher.java:352)
	at java.lang.ClassLoader.loadClass(ClassLoader.java:351)
	at java.lang.Class.forName0(Native Method)
	at java.lang.Class.forName(Class.java:348)
	at org.springframework.boot.devtools.restart.classloader.RestartClassLoader.loadClass(RestartClassLoader.java:145)
	at java.lang.ClassLoader.loadClass(ClassLoader.java:351)
	... 29 common frames omitted
2024-11-15 10:28:24 [restartedMain] INFO  com.fast_in.FastInApplication - Starting FastInApplication using Java 1.8.0_422 on DESKTOP-0G1GGOD with PID 28784 (C:\Users\rayane\IdeaProjects\fast_in\target\classes started by rayane in C:\Users\rayane\IdeaProjects\fast_in)
2024-11-15 10:28:24 [restartedMain] DEBUG com.fast_in.FastInApplication - Running with Spring Boot v2.7.18, Spring v5.3.31
2024-11-15 10:28:24 [restartedMain] INFO  com.fast_in.FastInApplication - The following 1 profile is active: "dev"
2024-11-15 10:28:24 [restartedMain] INFO  o.s.d.r.c.RepositoryConfigurationDelegate - Bootstrapping Spring Data JPA repositories in DEFAULT mode.
2024-11-15 10:28:24 [restartedMain] INFO  o.s.d.r.c.RepositoryConfigurationDelegate - Finished Spring Data repository scanning in 11 ms. Found 4 JPA repository interfaces.
2024-11-15 10:28:24 [restartedMain] INFO  o.s.b.w.e.tomcat.TomcatWebServer - Tomcat initialized with port(s): 8081 (http)
2024-11-15 10:28:24 [restartedMain] INFO  o.a.coyote.http11.Http11NioProtocol - Initializing ProtocolHandler ["http-nio-8081"]
2024-11-15 10:28:24 [restartedMain] INFO  o.a.catalina.core.StandardService - Starting service [Tomcat]
2024-11-15 10:28:24 [restartedMain] INFO  o.a.catalina.core.StandardEngine - Starting Servlet engine: [Apache Tomcat/9.0.83]
2024-11-15 10:28:24 [restartedMain] INFO  o.a.c.c.C.[.[localhost].[/api/v1] - Initializing Spring embedded WebApplicationContext
2024-11-15 10:28:24 [restartedMain] INFO  o.s.b.w.s.c.ServletWebServerApplicationContext - Root WebApplicationContext: initialization completed in 160 ms
2024-11-15 10:28:24 [restartedMain] INFO  com.zaxxer.hikari.HikariDataSource - HikariPool-7 - Starting...
2024-11-15 10:28:24 [restartedMain] INFO  com.zaxxer.hikari.HikariDataSource - HikariPool-7 - Start completed.
2024-11-15 10:28:24 [restartedMain] INFO  o.s.b.a.h.H2ConsoleAutoConfiguration - H2 console available at '/h2-console'. Database available at 'jdbc:h2:mem:fast_in_db'
2024-11-15 10:28:24 [restartedMain] INFO  o.h.jpa.internal.util.LogHelper - HHH000204: Processing PersistenceUnitInfo [name: default]
2024-11-15 10:28:24 [restartedMain] INFO  org.hibernate.dialect.Dialect - HHH000400: Using dialect: org.hibernate.dialect.PostgreSQLDialect
2024-11-15 10:28:24 [restartedMain] DEBUG org.hibernate.SQL - create table driver (id  bigserial not null, availability_end date not null, availability_start date not null, first_name varchar(255), last_name varchar(255), status varchar(255) not null, primary key (id))
2024-11-15 10:28:24 [restartedMain] DEBUG org.hibernate.SQL - create table reservation (id  bigserial not null, quartier_arrivee varchar(255) not null, ville_arrivee varchar(255) not null, cancelled_at timestamp, completed_at timestamp, confirmed_at timestamp, course_end_time timestamp, course_start_time timestamp, created_at timestamp not null, date_heure timestamp not null, quartier_depart varchar(255) not null, ville_depart varchar(255) not null, distance_km float8 not null, price float8 not null, status varchar(255) not null, updated_at timestamp, driver_id int8 not null, vehicle_id uuid not null, primary key (id))
2024-11-15 10:28:24 [restartedMain] DEBUG org.hibernate.SQL - create table vehicle (id uuid not null, mileage float8 not null, model varchar(255) not null, registration_number varchar(255) not null, status varchar(255), type varchar(255), primary key (id))
2024-11-15 10:28:24 [restartedMain] DEBUG org.hibernate.SQL - alter table reservation add constraint FKiabmugn54sqbxjcpujig6tawg foreign key (driver_id) references driver
2024-11-15 10:28:24 [restartedMain] DEBUG org.hibernate.SQL - alter table reservation add constraint FKrm327sr0rb11mme0kbsm37od5 foreign key (vehicle_id) references vehicle
2024-11-15 10:28:24 [restartedMain] INFO  o.h.e.t.j.p.i.JtaPlatformInitiator - HHH000490: Using JtaPlatform implementation: [org.hibernate.engine.transaction.jta.platform.internal.NoJtaPlatform]
2024-11-15 10:28:24 [restartedMain] INFO  o.s.o.j.LocalContainerEntityManagerFactoryBean - Initialized JPA EntityManagerFactory for persistence unit 'default'
2024-11-15 10:28:24 [restartedMain] INFO  o.s.b.d.a.OptionalLiveReloadServer - LiveReload server is running on port 35729
2024-11-15 10:28:24 [restartedMain] INFO  o.a.coyote.http11.Http11NioProtocol - Starting ProtocolHandler ["http-nio-8081"]
2024-11-15 10:28:24 [restartedMain] INFO  o.s.b.w.e.tomcat.TomcatWebServer - Tomcat started on port(s): 8081 (http) with context path '/api/v1'
2024-11-15 10:28:24 [restartedMain] INFO  com.fast_in.FastInApplication - Started FastInApplication in 0.384 seconds (JVM running for 3165.89)
2024-11-15 10:28:24 [restartedMain] INFO  o.s.b.d.a.ConditionEvaluationDeltaLoggingListener - Condition evaluation unchanged
2024-11-15 10:54:15 [File Watcher] INFO  o.s.b.d.a.LocalDevToolsAutoConfiguration$RestartingClassPathChangeChangedEventListener - Restarting due to 3 class path changes (0 additions, 3 deletions, 0 modifications)
2024-11-15 10:54:15 [Thread-36] INFO  o.a.coyote.http11.Http11NioProtocol - Pausing ProtocolHandler ["http-nio-8081"]
2024-11-15 10:54:15 [Thread-36] INFO  o.a.catalina.core.StandardService - Stopping service [Tomcat]
2024-11-15 10:54:15 [Thread-36] INFO  o.a.coyote.http11.Http11NioProtocol - Stopping ProtocolHandler ["http-nio-8081"]
2024-11-15 10:54:15 [Thread-36] INFO  o.a.coyote.http11.Http11NioProtocol - Destroying ProtocolHandler ["http-nio-8081"]
2024-11-15 10:54:15 [Thread-36] INFO  o.s.o.j.LocalContainerEntityManagerFactoryBean - Closing JPA EntityManagerFactory for persistence unit 'default'
2024-11-15 10:54:15 [Thread-36] WARN  o.s.b.f.s.DisposableBeanAdapter - Invocation of destroy method failed on bean with name 'inMemoryDatabaseShutdownExecutor': org.h2.jdbc.JdbcSQLNonTransientConnectionException: Database is already closed (to disable automatic closing at VM shutdown, add ";DB_CLOSE_ON_EXIT=FALSE" to the db URL) [90121-214]
2024-11-15 10:54:15 [Thread-36] INFO  com.zaxxer.hikari.HikariDataSource - HikariPool-7 - Shutdown initiated...
2024-11-15 10:54:15 [Thread-36] INFO  com.zaxxer.hikari.HikariDataSource - HikariPool-7 - Shutdown completed.
2024-11-15 10:54:15 [restartedMain] INFO  com.fast_in.FastInApplication - Starting FastInApplication using Java 1.8.0_422 on DESKTOP-0G1GGOD with PID 28784 (C:\Users\rayane\IdeaProjects\fast_in\target\classes started by rayane in C:\Users\rayane\IdeaProjects\fast_in)
2024-11-15 10:54:15 [restartedMain] DEBUG com.fast_in.FastInApplication - Running with Spring Boot v2.7.18, Spring v5.3.31
2024-11-15 10:54:15 [restartedMain] INFO  com.fast_in.FastInApplication - The following 1 profile is active: "dev"
2024-11-15 10:54:15 [restartedMain] INFO  o.s.d.r.c.RepositoryConfigurationDelegate - Bootstrapping Spring Data JPA repositories in DEFAULT mode.
2024-11-15 10:54:15 [restartedMain] INFO  o.s.d.r.c.RepositoryConfigurationDelegate - Finished Spring Data repository scanning in 10 ms. Found 4 JPA repository interfaces.
2024-11-15 10:54:15 [restartedMain] INFO  o.s.b.w.e.tomcat.TomcatWebServer - Tomcat initialized with port(s): 8081 (http)
2024-11-15 10:54:15 [restartedMain] INFO  o.a.coyote.http11.Http11NioProtocol - Initializing ProtocolHandler ["http-nio-8081"]
2024-11-15 10:54:15 [restartedMain] INFO  o.a.catalina.core.StandardService - Starting service [Tomcat]
2024-11-15 10:54:15 [restartedMain] INFO  o.a.catalina.core.StandardEngine - Starting Servlet engine: [Apache Tomcat/9.0.83]
2024-11-15 10:54:15 [restartedMain] INFO  o.a.c.c.C.[.[localhost].[/api/v1] - Initializing Spring embedded WebApplicationContext
2024-11-15 10:54:15 [restartedMain] INFO  o.s.b.w.s.c.ServletWebServerApplicationContext - Root WebApplicationContext: initialization completed in 183 ms
2024-11-15 10:54:15 [restartedMain] INFO  com.zaxxer.hikari.HikariDataSource - HikariPool-8 - Starting...
2024-11-15 10:54:15 [restartedMain] INFO  com.zaxxer.hikari.HikariDataSource - HikariPool-8 - Start completed.
2024-11-15 10:54:15 [restartedMain] INFO  o.s.b.a.h.H2ConsoleAutoConfiguration - H2 console available at '/h2-console'. Database available at 'jdbc:h2:mem:fast_in_db'
2024-11-15 10:54:15 [restartedMain] INFO  o.h.jpa.internal.util.LogHelper - HHH000204: Processing PersistenceUnitInfo [name: default]
2024-11-15 10:54:15 [restartedMain] INFO  org.hibernate.dialect.Dialect - HHH000400: Using dialect: org.hibernate.dialect.PostgreSQLDialect
2024-11-15 10:54:15 [restartedMain] DEBUG org.hibernate.SQL - create table driver (id  bigserial not null, availability_end date not null, availability_start date not null, first_name varchar(255), last_name varchar(255), status varchar(255) not null, primary key (id))
2024-11-15 10:54:15 [restartedMain] DEBUG org.hibernate.SQL - create table reservation (id  bigserial not null, quartier_arrivee varchar(255) not null, ville_arrivee varchar(255) not null, cancelled_at timestamp, completed_at timestamp, confirmed_at timestamp, course_end_time timestamp, course_start_time timestamp, created_at timestamp not null, date_heure timestamp not null, quartier_depart varchar(255) not null, ville_depart varchar(255) not null, distance_km float8 not null, price float8 not null, status varchar(255) not null, updated_at timestamp, driver_id int8 not null, vehicle_id uuid not null, primary key (id))
2024-11-15 10:54:15 [restartedMain] DEBUG org.hibernate.SQL - create table vehicle (id uuid not null, mileage float8 not null, model varchar(255) not null, registration_number varchar(255) not null, status varchar(255), type varchar(255), primary key (id))
2024-11-15 10:54:15 [restartedMain] DEBUG org.hibernate.SQL - alter table reservation add constraint FKiabmugn54sqbxjcpujig6tawg foreign key (driver_id) references driver
2024-11-15 10:54:15 [restartedMain] DEBUG org.hibernate.SQL - alter table reservation add constraint FKrm327sr0rb11mme0kbsm37od5 foreign key (vehicle_id) references vehicle
2024-11-15 10:54:15 [restartedMain] INFO  o.h.e.t.j.p.i.JtaPlatformInitiator - HHH000490: Using JtaPlatform implementation: [org.hibernate.engine.transaction.jta.platform.internal.NoJtaPlatform]
2024-11-15 10:54:15 [restartedMain] INFO  o.s.o.j.LocalContainerEntityManagerFactoryBean - Initialized JPA EntityManagerFactory for persistence unit 'default'
2024-11-15 10:54:16 [restartedMain] INFO  o.s.b.d.a.OptionalLiveReloadServer - LiveReload server is running on port 35729
2024-11-15 10:54:16 [restartedMain] INFO  o.a.coyote.http11.Http11NioProtocol - Starting ProtocolHandler ["http-nio-8081"]
2024-11-15 10:54:16 [restartedMain] INFO  o.s.b.w.e.tomcat.TomcatWebServer - Tomcat started on port(s): 8081 (http) with context path '/api/v1'
2024-11-15 10:54:16 [restartedMain] INFO  com.fast_in.FastInApplication - Started FastInApplication in 0.409 seconds (JVM running for 4717.006)
2024-11-15 10:54:16 [restartedMain] INFO  o.s.b.d.a.ConditionEvaluationDeltaLoggingListener - Condition evaluation unchanged
2024-11-15 11:02:08 [File Watcher] INFO  o.s.b.d.a.LocalDevToolsAutoConfiguration$RestartingClassPathChangeChangedEventListener - Restarting due to 3 class path changes (3 additions, 0 deletions, 0 modifications)
2024-11-15 11:02:09 [Thread-43] INFO  o.a.coyote.http11.Http11NioProtocol - Pausing ProtocolHandler ["http-nio-8081"]
2024-11-15 11:02:09 [Thread-43] INFO  o.a.catalina.core.StandardService - Stopping service [Tomcat]
2024-11-15 11:02:09 [Thread-43] INFO  o.a.coyote.http11.Http11NioProtocol - Stopping ProtocolHandler ["http-nio-8081"]
2024-11-15 11:02:09 [Thread-43] INFO  o.a.coyote.http11.Http11NioProtocol - Destroying ProtocolHandler ["http-nio-8081"]
2024-11-15 11:02:09 [Thread-43] INFO  o.s.o.j.LocalContainerEntityManagerFactoryBean - Closing JPA EntityManagerFactory for persistence unit 'default'
2024-11-15 11:02:09 [Thread-43] WARN  o.s.b.f.s.DisposableBeanAdapter - Invocation of destroy method failed on bean with name 'inMemoryDatabaseShutdownExecutor': org.h2.jdbc.JdbcSQLNonTransientConnectionException: Database is already closed (to disable automatic closing at VM shutdown, add ";DB_CLOSE_ON_EXIT=FALSE" to the db URL) [90121-214]
2024-11-15 11:02:09 [Thread-43] INFO  com.zaxxer.hikari.HikariDataSource - HikariPool-8 - Shutdown initiated...
2024-11-15 11:02:09 [Thread-43] INFO  com.zaxxer.hikari.HikariDataSource - HikariPool-8 - Shutdown completed.
2024-11-15 11:02:09 [restartedMain] INFO  com.fast_in.FastInApplication - Starting FastInApplication using Java 1.8.0_422 on DESKTOP-0G1GGOD with PID 28784 (C:\Users\rayane\IdeaProjects\fast_in\target\classes started by rayane in C:\Users\rayane\IdeaProjects\fast_in)
2024-11-15 11:02:09 [restartedMain] DEBUG com.fast_in.FastInApplication - Running with Spring Boot v2.7.18, Spring v5.3.31
2024-11-15 11:02:09 [restartedMain] INFO  com.fast_in.FastInApplication - The following 1 profile is active: "dev"
2024-11-15 11:02:09 [restartedMain] INFO  o.s.d.r.c.RepositoryConfigurationDelegate - Bootstrapping Spring Data JPA repositories in DEFAULT mode.
2024-11-15 11:02:09 [restartedMain] INFO  o.s.d.r.c.RepositoryConfigurationDelegate - Finished Spring Data repository scanning in 11 ms. Found 4 JPA repository interfaces.
2024-11-15 11:02:09 [restartedMain] INFO  o.s.b.w.e.tomcat.TomcatWebServer - Tomcat initialized with port(s): 8081 (http)
2024-11-15 11:02:09 [restartedMain] INFO  o.a.coyote.http11.Http11NioProtocol - Initializing ProtocolHandler ["http-nio-8081"]
2024-11-15 11:02:09 [restartedMain] INFO  o.a.catalina.core.StandardService - Starting service [Tomcat]
2024-11-15 11:02:09 [restartedMain] INFO  o.a.catalina.core.StandardEngine - Starting Servlet engine: [Apache Tomcat/9.0.83]
2024-11-15 11:02:09 [restartedMain] INFO  o.a.c.c.C.[.[localhost].[/api/v1] - Initializing Spring embedded WebApplicationContext
2024-11-15 11:02:09 [restartedMain] INFO  o.s.b.w.s.c.ServletWebServerApplicationContext - Root WebApplicationContext: initialization completed in 192 ms
2024-11-15 11:02:09 [restartedMain] INFO  com.zaxxer.hikari.HikariDataSource - HikariPool-9 - Starting...
2024-11-15 11:02:09 [restartedMain] INFO  com.zaxxer.hikari.HikariDataSource - HikariPool-9 - Start completed.
2024-11-15 11:02:09 [restartedMain] INFO  o.s.b.a.h.H2ConsoleAutoConfiguration - H2 console available at '/h2-console'. Database available at 'jdbc:h2:mem:fast_in_db'
2024-11-15 11:02:09 [restartedMain] INFO  o.h.jpa.internal.util.LogHelper - HHH000204: Processing PersistenceUnitInfo [name: default]
2024-11-15 11:02:09 [restartedMain] INFO  org.hibernate.dialect.Dialect - HHH000400: Using dialect: org.hibernate.dialect.PostgreSQLDialect
2024-11-15 11:02:09 [restartedMain] DEBUG org.hibernate.SQL - create table driver (id  bigserial not null, availability_end date not null, availability_start date not null, first_name varchar(255), last_name varchar(255), status varchar(255) not null, primary key (id))
2024-11-15 11:02:09 [restartedMain] DEBUG org.hibernate.SQL - create table reservation (id  bigserial not null, quartier_arrivee varchar(255) not null, ville_arrivee varchar(255) not null, cancelled_at timestamp, completed_at timestamp, confirmed_at timestamp, course_end_time timestamp, course_start_time timestamp, created_at timestamp not null, date_heure timestamp not null, quartier_depart varchar(255) not null, ville_depart varchar(255) not null, distance_km float8 not null, price float8 not null, status varchar(255) not null, updated_at timestamp, driver_id int8 not null, vehicle_id uuid not null, primary key (id))
2024-11-15 11:02:09 [restartedMain] DEBUG org.hibernate.SQL - create table vehicle (id uuid not null, mileage float8 not null, model varchar(255) not null, registration_number varchar(255) not null, status varchar(255), type varchar(255), primary key (id))
2024-11-15 11:02:09 [restartedMain] DEBUG org.hibernate.SQL - alter table reservation add constraint FKiabmugn54sqbxjcpujig6tawg foreign key (driver_id) references driver
2024-11-15 11:02:09 [restartedMain] DEBUG org.hibernate.SQL - alter table reservation add constraint FKrm327sr0rb11mme0kbsm37od5 foreign key (vehicle_id) references vehicle
2024-11-15 11:02:09 [restartedMain] INFO  o.h.e.t.j.p.i.JtaPlatformInitiator - HHH000490: Using JtaPlatform implementation: [org.hibernate.engine.transaction.jta.platform.internal.NoJtaPlatform]
2024-11-15 11:02:09 [restartedMain] INFO  o.s.o.j.LocalContainerEntityManagerFactoryBean - Initialized JPA EntityManagerFactory for persistence unit 'default'
2024-11-15 11:02:09 [restartedMain] INFO  o.s.b.d.a.OptionalLiveReloadServer - LiveReload server is running on port 35729
2024-11-15 11:02:09 [restartedMain] INFO  o.a.coyote.http11.Http11NioProtocol - Starting ProtocolHandler ["http-nio-8081"]
2024-11-15 11:02:09 [restartedMain] INFO  o.s.b.w.e.tomcat.TomcatWebServer - Tomcat started on port(s): 8081 (http) with context path '/api/v1'
2024-11-15 11:02:09 [restartedMain] INFO  com.fast_in.FastInApplication - Started FastInApplication in 0.405 seconds (JVM running for 5190.806)
2024-11-15 11:02:09 [restartedMain] INFO  o.s.b.d.a.ConditionEvaluationDeltaLoggingListener - Condition evaluation unchanged
2024-11-15 11:25:02 [SpringApplicationShutdownHook] INFO  o.s.o.j.LocalContainerEntityManagerFactoryBean - Closing JPA EntityManagerFactory for persistence unit 'default'
2024-11-15 11:25:02 [SpringApplicationShutdownHook] WARN  o.s.b.f.s.DisposableBeanAdapter - Invocation of destroy method failed on bean with name 'inMemoryDatabaseShutdownExecutor': org.h2.jdbc.JdbcSQLNonTransientConnectionException: Database is already closed (to disable automatic closing at VM shutdown, add ";DB_CLOSE_ON_EXIT=FALSE" to the db URL) [90121-214]
2024-11-15 11:25:02 [SpringApplicationShutdownHook] INFO  com.zaxxer.hikari.HikariDataSource - HikariPool-9 - Shutdown initiated...
2024-11-15 11:25:02 [SpringApplicationShutdownHook] INFO  com.zaxxer.hikari.HikariDataSource - HikariPool-9 - Shutdown completed.
2024-11-15 11:25:05 [background-preinit] INFO  o.h.validator.internal.util.Version - HV000001: Hibernate Validator 6.2.5.Final
2024-11-15 11:25:05 [restartedMain] INFO  com.fast_in.FastInApplication - Starting FastInApplication using Java 1.8.0_422 on DESKTOP-0G1GGOD with PID 22164 (C:\Users\rayane\IdeaProjects\fast_in\target\classes started by rayane in C:\Users\rayane\IdeaProjects\fast_in)
2024-11-15 11:25:05 [restartedMain] DEBUG com.fast_in.FastInApplication - Running with Spring Boot v2.7.18, Spring v5.3.31
2024-11-15 11:25:05 [restartedMain] INFO  com.fast_in.FastInApplication - The following 1 profile is active: "dev"
2024-11-15 11:25:05 [restartedMain] INFO  o.s.b.d.e.DevToolsPropertyDefaultsPostProcessor - Devtools property defaults active! Set 'spring.devtools.add-properties' to 'false' to disable
2024-11-15 11:25:05 [restartedMain] INFO  o.s.b.d.e.DevToolsPropertyDefaultsPostProcessor - For additional web related logging consider setting the 'logging.level.web' property to 'DEBUG'
2024-11-15 11:25:05 [restartedMain] INFO  o.s.d.r.c.RepositoryConfigurationDelegate - Bootstrapping Spring Data JPA repositories in DEFAULT mode.
2024-11-15 11:25:05 [restartedMain] INFO  o.s.d.r.c.RepositoryConfigurationDelegate - Finished Spring Data repository scanning in 37 ms. Found 4 JPA repository interfaces.
2024-11-15 11:25:06 [restartedMain] INFO  o.s.b.w.e.tomcat.TomcatWebServer - Tomcat initialized with port(s): 8081 (http)
2024-11-15 11:25:06 [restartedMain] INFO  o.a.coyote.http11.Http11NioProtocol - Initializing ProtocolHandler ["http-nio-8081"]
2024-11-15 11:25:06 [restartedMain] INFO  o.a.catalina.core.StandardService - Starting service [Tomcat]
2024-11-15 11:25:06 [restartedMain] INFO  o.a.catalina.core.StandardEngine - Starting Servlet engine: [Apache Tomcat/9.0.83]
2024-11-15 11:25:06 [restartedMain] INFO  o.a.c.c.C.[.[localhost].[/api/v1] - Initializing Spring embedded WebApplicationContext
2024-11-15 11:25:06 [restartedMain] INFO  o.s.b.w.s.c.ServletWebServerApplicationContext - Root WebApplicationContext: initialization completed in 929 ms
2024-11-15 11:25:06 [restartedMain] INFO  com.zaxxer.hikari.HikariDataSource - HikariPool-1 - Starting...
2024-11-15 11:25:06 [restartedMain] INFO  com.zaxxer.hikari.HikariDataSource - HikariPool-1 - Start completed.
2024-11-15 11:25:06 [restartedMain] INFO  o.s.b.a.h.H2ConsoleAutoConfiguration - H2 console available at '/h2-console'. Database available at 'jdbc:h2:mem:fast_in_db'
2024-11-15 11:25:06 [restartedMain] INFO  o.h.jpa.internal.util.LogHelper - HHH000204: Processing PersistenceUnitInfo [name: default]
2024-11-15 11:25:06 [restartedMain] INFO  org.hibernate.Version - HHH000412: Hibernate ORM core version 5.6.15.Final
2024-11-15 11:25:06 [restartedMain] INFO  o.h.annotations.common.Version - HCANN000001: Hibernate Commons Annotations {5.1.2.Final}
2024-11-15 11:25:06 [restartedMain] INFO  org.hibernate.dialect.Dialect - HHH000400: Using dialect: org.hibernate.dialect.PostgreSQLDialect
2024-11-15 11:25:06 [restartedMain] DEBUG org.hibernate.SQL - create table driver (id  bigserial not null, availability_end date not null, availability_start date not null, first_name varchar(255), last_name varchar(255), status varchar(255) not null, primary key (id))
2024-11-15 11:25:06 [restartedMain] DEBUG org.hibernate.SQL - create table reservation (id  bigserial not null, quartier_arrivee varchar(255) not null, ville_arrivee varchar(255) not null, cancelled_at timestamp, completed_at timestamp, confirmed_at timestamp, course_end_time timestamp, course_start_time timestamp, created_at timestamp not null, date_heure timestamp not null, quartier_depart varchar(255) not null, ville_depart varchar(255) not null, distance_km float8 not null, price float8 not null, status varchar(255) not null, updated_at timestamp, driver_id int8 not null, vehicle_id uuid not null, primary key (id))
2024-11-15 11:25:06 [restartedMain] DEBUG org.hibernate.SQL - create table vehicle (id uuid not null, mileage float8 not null, model varchar(255) not null, registration_number varchar(255) not null, status varchar(255), type varchar(255), primary key (id))
2024-11-15 11:25:06 [restartedMain] DEBUG org.hibernate.SQL - alter table reservation add constraint FKiabmugn54sqbxjcpujig6tawg foreign key (driver_id) references driver
2024-11-15 11:25:06 [restartedMain] DEBUG org.hibernate.SQL - alter table reservation add constraint FKrm327sr0rb11mme0kbsm37od5 foreign key (vehicle_id) references vehicle
2024-11-15 11:25:06 [restartedMain] INFO  o.h.e.t.j.p.i.JtaPlatformInitiator - HHH000490: Using JtaPlatform implementation: [org.hibernate.engine.transaction.jta.platform.internal.NoJtaPlatform]
2024-11-15 11:25:06 [restartedMain] INFO  o.s.o.j.LocalContainerEntityManagerFactoryBean - Initialized JPA EntityManagerFactory for persistence unit 'default'
2024-11-15 11:25:07 [restartedMain] INFO  o.s.b.d.a.OptionalLiveReloadServer - LiveReload server is running on port 35729
2024-11-15 11:25:07 [restartedMain] INFO  o.a.coyote.http11.Http11NioProtocol - Starting ProtocolHandler ["http-nio-8081"]
2024-11-15 11:25:07 [restartedMain] INFO  o.s.b.w.e.tomcat.TomcatWebServer - Tomcat started on port(s): 8081 (http) with context path '/api/v1'
2024-11-15 11:25:07 [restartedMain] INFO  com.fast_in.FastInApplication - Started FastInApplication in 2.75 seconds (JVM running for 3.262)
